{"/Users/richard/Futureproof/databases/habit-app/src/App.js": {"path":"/Users/richard/Futureproof/databases/habit-app/src/App.js","statementMap":{"0":{"start":{"line":9,"column":4},"end":{"line":9,"column":17}},"1":{"start":{"line":10,"column":4},"end":{"line":12,"column":5}},"2":{"start":{"line":15,"column":10},"end":{"line":19,"column":3}},"3":{"start":{"line":16,"column":4},"end":{"line":18,"column":6}},"4":{"start":{"line":23,"column":4},"end":{"line":26,"column":61}}},"fnMap":{"0":{"name":"(anonymous_0)","decl":{"start":{"line":8,"column":2},"end":{"line":8,"column":3}},"loc":{"start":{"line":8,"column":20},"end":{"line":13,"column":3}},"line":8},"1":{"name":"(anonymous_1)","decl":{"start":{"line":15,"column":10},"end":{"line":15,"column":11}},"loc":{"start":{"line":15,"column":23},"end":{"line":19,"column":3}},"line":15},"2":{"name":"(anonymous_2)","decl":{"start":{"line":21,"column":2},"end":{"line":21,"column":3}},"loc":{"start":{"line":21,"column":11},"end":{"line":29,"column":3}},"line":21}},"branchMap":{"0":{"loc":{"start":{"line":23,"column":11},"end":{"line":26,"column":61}},"type":"cond-expr","locations":[{"start":{"line":24,"column":4},"end":{"line":24,"column":93}},{"start":{"line":26,"column":4},"end":{"line":26,"column":61}}],"line":23}},"s":{"0":0,"1":0,"2":0,"3":0,"4":0},"f":{"0":0,"1":0,"2":0},"b":{"0":[0,0]},"hash":"ed2932a439c63c0287cbb0f53933dc113c935950"}
,"/Users/richard/Futureproof/databases/habit-app/src/index.js": {"path":"/Users/richard/Futureproof/databases/habit-app/src/index.js","statementMap":{"0":{"start":{"line":8,"column":0},"end":{"line":11,"column":2}}},"fnMap":{},"branchMap":{},"s":{"0":0},"f":{},"b":{},"hash":"1c6d23a090dc76a0a7bc746b7fa18bc3ea6572e9"}
,"/Users/richard/Futureproof/databases/habit-app/src/components/AccountModal.js": {"path":"/Users/richard/Futureproof/databases/habit-app/src/components/AccountModal.js","statementMap":{"0":{"start":{"line":12,"column":8},"end":{"line":12,"column":21}},"1":{"start":{"line":13,"column":8},"end":{"line":20,"column":9}},"2":{"start":{"line":23,"column":19},"end":{"line":26,"column":1}},"3":{"start":{"line":24,"column":19},"end":{"line":24,"column":33}},"4":{"start":{"line":25,"column":4},"end":{"line":25,"column":41}},"5":{"start":{"line":28,"column":23},"end":{"line":31,"column":1}},"6":{"start":{"line":29,"column":19},"end":{"line":29,"column":33}},"7":{"start":{"line":30,"column":4},"end":{"line":30,"column":41}},"8":{"start":{"line":33,"column":15},"end":{"line":60,"column":1}},"9":{"start":{"line":34,"column":4},"end":{"line":34,"column":23}},"10":{"start":{"line":36,"column":16},"end":{"line":36,"column":45}},"11":{"start":{"line":37,"column":4},"end":{"line":58,"column":10}},"12":{"start":{"line":46,"column":26},"end":{"line":46,"column":41}},"13":{"start":{"line":48,"column":10},"end":{"line":56,"column":11}},"14":{"start":{"line":49,"column":14},"end":{"line":49,"column":47}},"15":{"start":{"line":50,"column":14},"end":{"line":50,"column":34}},"16":{"start":{"line":51,"column":14},"end":{"line":51,"column":42}},"17":{"start":{"line":54,"column":15},"end":{"line":56,"column":11}},"18":{"start":{"line":55,"column":12},"end":{"line":55,"column":72}},"19":{"start":{"line":62,"column":20},"end":{"line":78,"column":1}},"20":{"start":{"line":63,"column":19},"end":{"line":63,"column":93}},"21":{"start":{"line":64,"column":4},"end":{"line":77,"column":5}},"22":{"start":{"line":65,"column":23},"end":{"line":65,"column":141}},"23":{"start":{"line":66,"column":8},"end":{"line":76,"column":9}},"24":{"start":{"line":67,"column":10},"end":{"line":67,"column":33}},"25":{"start":{"line":68,"column":22},"end":{"line":68,"column":51}},"26":{"start":{"line":69,"column":10},"end":{"line":74,"column":39}},"27":{"start":{"line":89,"column":4},"end":{"line":125,"column":6}}},"fnMap":{"0":{"name":"(anonymous_0)","decl":{"start":{"line":11,"column":4},"end":{"line":11,"column":5}},"loc":{"start":{"line":11,"column":23},"end":{"line":21,"column":5}},"line":11},"1":{"name":"(anonymous_1)","decl":{"start":{"line":23,"column":19},"end":{"line":23,"column":20}},"loc":{"start":{"line":23,"column":26},"end":{"line":26,"column":1}},"line":23},"2":{"name":"(anonymous_2)","decl":{"start":{"line":28,"column":23},"end":{"line":28,"column":24}},"loc":{"start":{"line":28,"column":30},"end":{"line":31,"column":1}},"line":28},"3":{"name":"(anonymous_3)","decl":{"start":{"line":33,"column":15},"end":{"line":33,"column":16}},"loc":{"start":{"line":33,"column":28},"end":{"line":60,"column":1}},"line":33},"4":{"name":"(anonymous_4)","decl":{"start":{"line":46,"column":14},"end":{"line":46,"column":15}},"loc":{"start":{"line":46,"column":26},"end":{"line":46,"column":41}},"line":46},"5":{"name":"(anonymous_5)","decl":{"start":{"line":47,"column":14},"end":{"line":47,"column":15}},"loc":{"start":{"line":47,"column":21},"end":{"line":58,"column":9}},"line":47},"6":{"name":"(anonymous_6)","decl":{"start":{"line":62,"column":20},"end":{"line":62,"column":21}},"loc":{"start":{"line":62,"column":30},"end":{"line":78,"column":1}},"line":62},"7":{"name":"(anonymous_7)","decl":{"start":{"line":82,"column":0},"end":{"line":82,"column":1}},"loc":{"start":{"line":82,"column":20},"end":{"line":83,"column":1}},"line":82},"8":{"name":"(anonymous_8)","decl":{"start":{"line":86,"column":0},"end":{"line":86,"column":1}},"loc":{"start":{"line":86,"column":8},"end":{"line":126,"column":3}},"line":86}},"branchMap":{"0":{"loc":{"start":{"line":48,"column":10},"end":{"line":56,"column":11}},"type":"if","locations":[{"start":{"line":48,"column":10},"end":{"line":56,"column":11}},{"start":{"line":48,"column":10},"end":{"line":56,"column":11}}],"line":48},"1":{"loc":{"start":{"line":54,"column":15},"end":{"line":56,"column":11}},"type":"if","locations":[{"start":{"line":54,"column":15},"end":{"line":56,"column":11}},{"start":{"line":54,"column":15},"end":{"line":56,"column":11}}],"line":54},"2":{"loc":{"start":{"line":64,"column":4},"end":{"line":77,"column":5}},"type":"if","locations":[{"start":{"line":64,"column":4},"end":{"line":77,"column":5}},{"start":{"line":64,"column":4},"end":{"line":77,"column":5}}],"line":64},"3":{"loc":{"start":{"line":66,"column":8},"end":{"line":76,"column":9}},"type":"if","locations":[{"start":{"line":66,"column":8},"end":{"line":76,"column":9}},{"start":{"line":66,"column":8},"end":{"line":76,"column":9}}],"line":66},"4":{"loc":{"start":{"line":89,"column":11},"end":{"line":125,"column":5}},"type":"cond-expr","locations":[{"start":{"line":89,"column":41},"end":{"line":89,"column":53}},{"start":{"line":90,"column":6},"end":{"line":124,"column":14}}],"line":89}},"s":{"0":8,"1":8,"2":8,"3":1,"4":1,"5":8,"6":1,"7":1,"8":8,"9":1,"10":1,"11":1,"12":1,"13":1,"14":0,"15":0,"16":0,"17":1,"18":1,"19":8,"20":1,"21":1,"22":1,"23":1,"24":0,"25":0,"26":0,"27":19},"f":{"0":8,"1":1,"2":1,"3":1,"4":1,"5":1,"6":1,"7":8,"8":19},"b":{"0":[0,1],"1":[1,0],"2":[1,0],"3":[0,1],"4":[0,19]},"_coverageSchema":"43e27e138ebf9cfc5966b082cf9a028302ed4184","hash":"84d2981cb9a7ac287affbb11a418f77f4810a11f"}
,"/Users/richard/Futureproof/databases/habit-app/src/components/Alert.js": {"path":"/Users/richard/Futureproof/databases/habit-app/src/components/Alert.js","statementMap":{"0":{"start":{"line":6,"column":8},"end":{"line":6,"column":21}},"1":{"start":{"line":7,"column":8},"end":{"line":8,"column":9}},"2":{"start":{"line":11,"column":8},"end":{"line":19,"column":9}},"3":{"start":{"line":12,"column":8},"end":{"line":16,"column":10}},"4":{"start":{"line":18,"column":12},"end":{"line":18,"column":23}}},"fnMap":{"0":{"name":"(anonymous_0)","decl":{"start":{"line":5,"column":4},"end":{"line":5,"column":5}},"loc":{"start":{"line":5,"column":23},"end":{"line":9,"column":5}},"line":5},"1":{"name":"(anonymous_1)","decl":{"start":{"line":10,"column":4},"end":{"line":10,"column":5}},"loc":{"start":{"line":10,"column":12},"end":{"line":20,"column":5}},"line":10}},"branchMap":{"0":{"loc":{"start":{"line":11,"column":8},"end":{"line":19,"column":9}},"type":"if","locations":[{"start":{"line":11,"column":8},"end":{"line":19,"column":9}},{"start":{"line":11,"column":8},"end":{"line":19,"column":9}}],"line":11}},"s":{"0":9,"1":9,"2":20,"3":2,"4":18},"f":{"0":9,"1":20},"b":{"0":[2,18]},"_coverageSchema":"43e27e138ebf9cfc5966b082cf9a028302ed4184","hash":"5880ffe6ea9bf506179f359df9114e30af84b3b6"}
,"/Users/richard/Futureproof/databases/habit-app/src/components/EditModal.js": {"path":"/Users/richard/Futureproof/databases/habit-app/src/components/EditModal.js","statementMap":{"0":{"start":{"line":12,"column":8},"end":{"line":12,"column":21}},"1":{"start":{"line":13,"column":8},"end":{"line":19,"column":9}},"2":{"start":{"line":22,"column":19},"end":{"line":25,"column":1}},"3":{"start":{"line":23,"column":21},"end":{"line":23,"column":35}},"4":{"start":{"line":24,"column":4},"end":{"line":24,"column":45}},"5":{"start":{"line":27,"column":21},"end":{"line":30,"column":1}},"6":{"start":{"line":28,"column":23},"end":{"line":28,"column":37}},"7":{"start":{"line":29,"column":4},"end":{"line":29,"column":49}},"8":{"start":{"line":32,"column":19},"end":{"line":35,"column":1}},"9":{"start":{"line":33,"column":21},"end":{"line":33,"column":35}},"10":{"start":{"line":34,"column":4},"end":{"line":34,"column":45}},"11":{"start":{"line":37,"column":24},"end":{"line":40,"column":1}},"12":{"start":{"line":38,"column":20},"end":{"line":38,"column":34}},"13":{"start":{"line":39,"column":4},"end":{"line":39,"column":43}},"14":{"start":{"line":42,"column":20},"end":{"line":55,"column":1}},"15":{"start":{"line":43,"column":4},"end":{"line":43,"column":27}},"16":{"start":{"line":44,"column":19},"end":{"line":44,"column":93}},"17":{"start":{"line":45,"column":4},"end":{"line":54,"column":5}},"18":{"start":{"line":46,"column":16},"end":{"line":46,"column":46}},"19":{"start":{"line":47,"column":21},"end":{"line":51,"column":6}},"20":{"start":{"line":52,"column":4},"end":{"line":52,"column":29}},"21":{"start":{"line":53,"column":4},"end":{"line":53,"column":24}},"22":{"start":{"line":57,"column":15},"end":{"line":83,"column":1}},"23":{"start":{"line":58,"column":4},"end":{"line":58,"column":38}},"24":{"start":{"line":59,"column":4},"end":{"line":59,"column":23}},"25":{"start":{"line":61,"column":16},"end":{"line":61,"column":46}},"26":{"start":{"line":62,"column":4},"end":{"line":82,"column":10}},"27":{"start":{"line":71,"column":26},"end":{"line":71,"column":41}},"28":{"start":{"line":73,"column":12},"end":{"line":80,"column":13}},"29":{"start":{"line":74,"column":16},"end":{"line":74,"column":50}},"30":{"start":{"line":75,"column":16},"end":{"line":75,"column":36}},"31":{"start":{"line":76,"column":16},"end":{"line":76,"column":41}},"32":{"start":{"line":78,"column":17},"end":{"line":80,"column":13}},"33":{"start":{"line":79,"column":16},"end":{"line":79,"column":76}},"34":{"start":{"line":86,"column":4},"end":{"line":128,"column":6}}},"fnMap":{"0":{"name":"(anonymous_0)","decl":{"start":{"line":11,"column":4},"end":{"line":11,"column":5}},"loc":{"start":{"line":11,"column":23},"end":{"line":20,"column":5}},"line":11},"1":{"name":"(anonymous_1)","decl":{"start":{"line":22,"column":19},"end":{"line":22,"column":20}},"loc":{"start":{"line":22,"column":26},"end":{"line":25,"column":1}},"line":22},"2":{"name":"(anonymous_2)","decl":{"start":{"line":27,"column":21},"end":{"line":27,"column":22}},"loc":{"start":{"line":27,"column":28},"end":{"line":30,"column":1}},"line":27},"3":{"name":"(anonymous_3)","decl":{"start":{"line":32,"column":19},"end":{"line":32,"column":20}},"loc":{"start":{"line":32,"column":26},"end":{"line":35,"column":1}},"line":32},"4":{"name":"(anonymous_4)","decl":{"start":{"line":37,"column":24},"end":{"line":37,"column":25}},"loc":{"start":{"line":37,"column":31},"end":{"line":40,"column":1}},"line":37},"5":{"name":"(anonymous_5)","decl":{"start":{"line":42,"column":20},"end":{"line":42,"column":21}},"loc":{"start":{"line":42,"column":36},"end":{"line":55,"column":1}},"line":42},"6":{"name":"(anonymous_6)","decl":{"start":{"line":57,"column":15},"end":{"line":57,"column":16}},"loc":{"start":{"line":57,"column":22},"end":{"line":83,"column":1}},"line":57},"7":{"name":"(anonymous_7)","decl":{"start":{"line":71,"column":14},"end":{"line":71,"column":15}},"loc":{"start":{"line":71,"column":26},"end":{"line":71,"column":41}},"line":71},"8":{"name":"(anonymous_8)","decl":{"start":{"line":72,"column":14},"end":{"line":72,"column":15}},"loc":{"start":{"line":72,"column":21},"end":{"line":82,"column":9}},"line":72},"9":{"name":"(anonymous_9)","decl":{"start":{"line":85,"column":0},"end":{"line":85,"column":1}},"loc":{"start":{"line":85,"column":8},"end":{"line":129,"column":3}},"line":85}},"branchMap":{"0":{"loc":{"start":{"line":45,"column":4},"end":{"line":54,"column":5}},"type":"if","locations":[{"start":{"line":45,"column":4},"end":{"line":54,"column":5}},{"start":{"line":45,"column":4},"end":{"line":54,"column":5}}],"line":45},"1":{"loc":{"start":{"line":73,"column":12},"end":{"line":80,"column":13}},"type":"if","locations":[{"start":{"line":73,"column":12},"end":{"line":80,"column":13}},{"start":{"line":73,"column":12},"end":{"line":80,"column":13}}],"line":73},"2":{"loc":{"start":{"line":78,"column":17},"end":{"line":80,"column":13}},"type":"if","locations":[{"start":{"line":78,"column":17},"end":{"line":80,"column":13}},{"start":{"line":78,"column":17},"end":{"line":80,"column":13}}],"line":78}},"s":{"0":0,"1":0,"2":0,"3":0,"4":0,"5":0,"6":0,"7":0,"8":0,"9":0,"10":0,"11":0,"12":0,"13":0,"14":0,"15":0,"16":0,"17":0,"18":0,"19":0,"20":0,"21":0,"22":0,"23":0,"24":0,"25":0,"26":0,"27":0,"28":0,"29":0,"30":0,"31":0,"32":0,"33":0,"34":0},"f":{"0":0,"1":0,"2":0,"3":0,"4":0,"5":0,"6":0,"7":0,"8":0,"9":0},"b":{"0":[0,0],"1":[0,0],"2":[0,0]},"hash":"3bcfbf3e28c15aafc59c8fc52d6ec904f4743a04"}
,"/Users/richard/Futureproof/databases/habit-app/src/components/Habit.js": {"path":"/Users/richard/Futureproof/databases/habit-app/src/components/Habit.js","statementMap":{"0":{"start":{"line":16,"column":8},"end":{"line":16,"column":21}},"1":{"start":{"line":17,"column":8},"end":{"line":24,"column":9}},"2":{"start":{"line":27,"column":26},"end":{"line":39,"column":5}},"3":{"start":{"line":28,"column":8},"end":{"line":28,"column":31}},"4":{"start":{"line":29,"column":20},"end":{"line":29,"column":50}},"5":{"start":{"line":30,"column":8},"end":{"line":34,"column":10}},"6":{"start":{"line":36,"column":8},"end":{"line":36,"column":39}},"7":{"start":{"line":37,"column":8},"end":{"line":37,"column":42}},"8":{"start":{"line":38,"column":8},"end":{"line":38,"column":74}},"9":{"start":{"line":41,"column":27},"end":{"line":63,"column":5}},"10":{"start":{"line":43,"column":26},"end":{"line":43,"column":53}},"11":{"start":{"line":44,"column":28},"end":{"line":44,"column":50}},"12":{"start":{"line":46,"column":8},"end":{"line":47,"column":65}},"13":{"start":{"line":49,"column":8},"end":{"line":61,"column":9}},"14":{"start":{"line":50,"column":29},"end":{"line":50,"column":53}},"15":{"start":{"line":51,"column":27},"end":{"line":51,"column":73}},"16":{"start":{"line":53,"column":24},"end":{"line":53,"column":54}},"17":{"start":{"line":54,"column":29},"end":{"line":58,"column":14}},"18":{"start":{"line":60,"column":12},"end":{"line":60,"column":43}},"19":{"start":{"line":66,"column":22},"end":{"line":86,"column":5}},"20":{"start":{"line":68,"column":29},"end":{"line":68,"column":102}},"21":{"start":{"line":70,"column":23},"end":{"line":70,"column":51}},"22":{"start":{"line":72,"column":23},"end":{"line":72,"column":41}},"23":{"start":{"line":74,"column":24},"end":{"line":74,"column":51}},"24":{"start":{"line":76,"column":22},"end":{"line":76,"column":36}},"25":{"start":{"line":78,"column":24},"end":{"line":78,"column":39}},"26":{"start":{"line":80,"column":26},"end":{"line":80,"column":49}},"27":{"start":{"line":82,"column":26},"end":{"line":82,"column":49}},"28":{"start":{"line":84,"column":31},"end":{"line":84,"column":117}},"29":{"start":{"line":85,"column":12},"end":{"line":85,"column":31}},"30":{"start":{"line":90,"column":20},"end":{"line":90,"column":94}},"31":{"start":{"line":95,"column":27},"end":{"line":98,"column":9}},"32":{"start":{"line":96,"column":27},"end":{"line":96,"column":106}},"33":{"start":{"line":97,"column":12},"end":{"line":97,"column":27}},"34":{"start":{"line":100,"column":29},"end":{"line":108,"column":9}},"35":{"start":{"line":101,"column":29},"end":{"line":101,"column":66}},"36":{"start":{"line":102,"column":12},"end":{"line":106,"column":13}},"37":{"start":{"line":103,"column":16},"end":{"line":105,"column":17}},"38":{"start":{"line":104,"column":20},"end":{"line":104,"column":44}},"39":{"start":{"line":107,"column":12},"end":{"line":107,"column":45}},"40":{"start":{"line":110,"column":26},"end":{"line":110,"column":32}},"41":{"start":{"line":111,"column":26},"end":{"line":111,"column":54}},"42":{"start":{"line":112,"column":25},"end":{"line":112,"column":30}},"43":{"start":{"line":113,"column":31},"end":{"line":113,"column":33}},"44":{"start":{"line":114,"column":21},"end":{"line":114,"column":43}},"45":{"start":{"line":119,"column":8},"end":{"line":127,"column":9}},"46":{"start":{"line":120,"column":12},"end":{"line":120,"column":29}},"47":{"start":{"line":122,"column":13},"end":{"line":127,"column":9}},"48":{"start":{"line":123,"column":12},"end":{"line":123,"column":26}},"49":{"start":{"line":126,"column":12},"end":{"line":126,"column":26}},"50":{"start":{"line":129,"column":8},"end":{"line":137,"column":9}},"51":{"start":{"line":130,"column":12},"end":{"line":130,"column":30}},"52":{"start":{"line":131,"column":12},"end":{"line":131,"column":24}},"53":{"start":{"line":132,"column":12},"end":{"line":132,"column":85}},"54":{"start":{"line":135,"column":12},"end":{"line":135,"column":38}},"55":{"start":{"line":136,"column":12},"end":{"line":136,"column":64}},"56":{"start":{"line":139,"column":8},"end":{"line":145,"column":9}},"57":{"start":{"line":140,"column":12},"end":{"line":140,"column":69}},"58":{"start":{"line":141,"column":12},"end":{"line":141,"column":28}},"59":{"start":{"line":143,"column":12},"end":{"line":143,"column":60}},"60":{"start":{"line":144,"column":12},"end":{"line":144,"column":37}},"61":{"start":{"line":147,"column":8},"end":{"line":153,"column":9}},"62":{"start":{"line":148,"column":12},"end":{"line":148,"column":31}},"63":{"start":{"line":151,"column":12},"end":{"line":151,"column":31}},"64":{"start":{"line":152,"column":12},"end":{"line":152,"column":26}},"65":{"start":{"line":155,"column":8},"end":{"line":158,"column":9}},"66":{"start":{"line":156,"column":12},"end":{"line":156,"column":29}},"67":{"start":{"line":157,"column":12},"end":{"line":157,"column":56}},"68":{"start":{"line":160,"column":8},"end":{"line":193,"column":9}},"69":{"start":{"line":170,"column":59},"end":{"line":170,"column":94}},"70":{"start":{"line":171,"column":59},"end":{"line":171,"column":92}},"71":{"start":{"line":178,"column":34},"end":{"line":178,"column":67}},"72":{"start":{"line":186,"column":34},"end":{"line":186,"column":69}}},"fnMap":{"0":{"name":"(anonymous_0)","decl":{"start":{"line":15,"column":4},"end":{"line":15,"column":5}},"loc":{"start":{"line":15,"column":23},"end":{"line":25,"column":5}},"line":15},"1":{"name":"(anonymous_1)","decl":{"start":{"line":27,"column":26},"end":{"line":27,"column":27}},"loc":{"start":{"line":27,"column":42},"end":{"line":39,"column":5}},"line":27},"2":{"name":"(anonymous_2)","decl":{"start":{"line":41,"column":27},"end":{"line":41,"column":28}},"loc":{"start":{"line":41,"column":39},"end":{"line":63,"column":5}},"line":41},"3":{"name":"(anonymous_3)","decl":{"start":{"line":66,"column":22},"end":{"line":66,"column":23}},"loc":{"start":{"line":66,"column":39},"end":{"line":86,"column":5}},"line":66},"4":{"name":"(anonymous_4)","decl":{"start":{"line":88,"column":4},"end":{"line":88,"column":5}},"loc":{"start":{"line":88,"column":14},"end":{"line":194,"column":5}},"line":88},"5":{"name":"(anonymous_5)","decl":{"start":{"line":95,"column":27},"end":{"line":95,"column":28}},"loc":{"start":{"line":95,"column":32},"end":{"line":98,"column":9}},"line":95},"6":{"name":"(anonymous_6)","decl":{"start":{"line":100,"column":29},"end":{"line":100,"column":30}},"loc":{"start":{"line":100,"column":33},"end":{"line":108,"column":9}},"line":100},"7":{"name":"(anonymous_7)","decl":{"start":{"line":170,"column":53},"end":{"line":170,"column":54}},"loc":{"start":{"line":170,"column":59},"end":{"line":170,"column":94}},"line":170},"8":{"name":"(anonymous_8)","decl":{"start":{"line":171,"column":53},"end":{"line":171,"column":54}},"loc":{"start":{"line":171,"column":59},"end":{"line":171,"column":92}},"line":171},"9":{"name":"(anonymous_9)","decl":{"start":{"line":178,"column":28},"end":{"line":178,"column":29}},"loc":{"start":{"line":178,"column":34},"end":{"line":178,"column":67}},"line":178},"10":{"name":"(anonymous_10)","decl":{"start":{"line":186,"column":28},"end":{"line":186,"column":29}},"loc":{"start":{"line":186,"column":34},"end":{"line":186,"column":69}},"line":186}},"branchMap":{"0":{"loc":{"start":{"line":46,"column":8},"end":{"line":47,"column":64}},"type":"cond-expr","locations":[{"start":{"line":47,"column":8},"end":{"line":47,"column":23}},{"start":{"line":47,"column":26},"end":{"line":47,"column":64}}],"line":46},"1":{"loc":{"start":{"line":46,"column":9},"end":{"line":46,"column":126}},"type":"binary-expr","locations":[{"start":{"line":46,"column":9},"end":{"line":46,"column":49}},{"start":{"line":46,"column":53},"end":{"line":46,"column":91}},{"start":{"line":46,"column":95},"end":{"line":46,"column":126}}],"line":46},"2":{"loc":{"start":{"line":49,"column":8},"end":{"line":61,"column":9}},"type":"if","locations":[{"start":{"line":49,"column":8},"end":{"line":61,"column":9}},{"start":{"line":49,"column":8},"end":{"line":61,"column":9}}],"line":49},"3":{"loc":{"start":{"line":49,"column":12},"end":{"line":49,"column":129}},"type":"binary-expr","locations":[{"start":{"line":49,"column":12},"end":{"line":49,"column":43}},{"start":{"line":49,"column":47},"end":{"line":49,"column":87}},{"start":{"line":49,"column":91},"end":{"line":49,"column":129}}],"line":49},"4":{"loc":{"start":{"line":103,"column":16},"end":{"line":105,"column":17}},"type":"if","locations":[{"start":{"line":103,"column":16},"end":{"line":105,"column":17}},{"start":{"line":103,"column":16},"end":{"line":105,"column":17}}],"line":103},"5":{"loc":{"start":{"line":119,"column":8},"end":{"line":127,"column":9}},"type":"if","locations":[{"start":{"line":119,"column":8},"end":{"line":127,"column":9}},{"start":{"line":119,"column":8},"end":{"line":127,"column":9}}],"line":119},"6":{"loc":{"start":{"line":122,"column":13},"end":{"line":127,"column":9}},"type":"if","locations":[{"start":{"line":122,"column":13},"end":{"line":127,"column":9}},{"start":{"line":122,"column":13},"end":{"line":127,"column":9}}],"line":122},"7":{"loc":{"start":{"line":129,"column":8},"end":{"line":137,"column":9}},"type":"if","locations":[{"start":{"line":129,"column":8},"end":{"line":137,"column":9}},{"start":{"line":129,"column":8},"end":{"line":137,"column":9}}],"line":129},"8":{"loc":{"start":{"line":139,"column":8},"end":{"line":145,"column":9}},"type":"if","locations":[{"start":{"line":139,"column":8},"end":{"line":145,"column":9}},{"start":{"line":139,"column":8},"end":{"line":145,"column":9}}],"line":139},"9":{"loc":{"start":{"line":147,"column":8},"end":{"line":153,"column":9}},"type":"if","locations":[{"start":{"line":147,"column":8},"end":{"line":153,"column":9}},{"start":{"line":147,"column":8},"end":{"line":153,"column":9}}],"line":147},"10":{"loc":{"start":{"line":155,"column":8},"end":{"line":158,"column":9}},"type":"if","locations":[{"start":{"line":155,"column":8},"end":{"line":158,"column":9}},{"start":{"line":155,"column":8},"end":{"line":158,"column":9}}],"line":155}},"s":{"0":0,"1":0,"2":0,"3":0,"4":0,"5":0,"6":0,"7":0,"8":0,"9":0,"10":0,"11":0,"12":0,"13":0,"14":0,"15":0,"16":0,"17":0,"18":0,"19":0,"20":0,"21":0,"22":0,"23":0,"24":0,"25":0,"26":0,"27":0,"28":0,"29":0,"30":0,"31":0,"32":0,"33":0,"34":0,"35":0,"36":0,"37":0,"38":0,"39":0,"40":0,"41":0,"42":0,"43":0,"44":0,"45":0,"46":0,"47":0,"48":0,"49":0,"50":0,"51":0,"52":0,"53":0,"54":0,"55":0,"56":0,"57":0,"58":0,"59":0,"60":0,"61":0,"62":0,"63":0,"64":0,"65":0,"66":0,"67":0,"68":0,"69":0,"70":0,"71":0,"72":0},"f":{"0":0,"1":0,"2":0,"3":0,"4":0,"5":0,"6":0,"7":0,"8":0,"9":0,"10":0},"b":{"0":[0,0],"1":[0,0,0],"2":[0,0],"3":[0,0,0],"4":[0,0],"5":[0,0],"6":[0,0],"7":[0,0],"8":[0,0],"9":[0,0],"10":[0,0]},"hash":"c580219258a66ba772d0a7f056db6825c5637f14"}
,"/Users/richard/Futureproof/databases/habit-app/src/components/HabitModal.js": {"path":"/Users/richard/Futureproof/databases/habit-app/src/components/HabitModal.js","statementMap":{"0":{"start":{"line":12,"column":8},"end":{"line":12,"column":21}},"1":{"start":{"line":13,"column":8},"end":{"line":16,"column":9}},"2":{"start":{"line":19,"column":19},"end":{"line":22,"column":1}},"3":{"start":{"line":20,"column":21},"end":{"line":20,"column":35}},"4":{"start":{"line":21,"column":4},"end":{"line":21,"column":45}},"5":{"start":{"line":24,"column":21},"end":{"line":27,"column":1}},"6":{"start":{"line":25,"column":23},"end":{"line":25,"column":37}},"7":{"start":{"line":26,"column":4},"end":{"line":26,"column":49}},"8":{"start":{"line":29,"column":19},"end":{"line":32,"column":1}},"9":{"start":{"line":30,"column":21},"end":{"line":30,"column":35}},"10":{"start":{"line":31,"column":4},"end":{"line":31,"column":45}},"11":{"start":{"line":34,"column":24},"end":{"line":37,"column":1}},"12":{"start":{"line":35,"column":20},"end":{"line":35,"column":34}},"13":{"start":{"line":36,"column":4},"end":{"line":36,"column":43}},"14":{"start":{"line":39,"column":15},"end":{"line":70,"column":1}},"15":{"start":{"line":40,"column":4},"end":{"line":40,"column":23}},"16":{"start":{"line":42,"column":21},"end":{"line":42,"column":69}},"17":{"start":{"line":43,"column":19},"end":{"line":43,"column":60}},"18":{"start":{"line":45,"column":16},"end":{"line":45,"column":46}},"19":{"start":{"line":46,"column":4},"end":{"line":69,"column":10}},"20":{"start":{"line":61,"column":26},"end":{"line":61,"column":41}},"21":{"start":{"line":63,"column":12},"end":{"line":68,"column":13}},"22":{"start":{"line":64,"column":16},"end":{"line":64,"column":36}},"23":{"start":{"line":65,"column":16},"end":{"line":65,"column":41}},"24":{"start":{"line":66,"column":19},"end":{"line":68,"column":13}},"25":{"start":{"line":67,"column":16},"end":{"line":67,"column":76}},"26":{"start":{"line":73,"column":21},"end":{"line":73,"column":31}},"27":{"start":{"line":74,"column":30},"end":{"line":74,"column":119}},"28":{"start":{"line":76,"column":4},"end":{"line":125,"column":6}}},"fnMap":{"0":{"name":"(anonymous_0)","decl":{"start":{"line":11,"column":4},"end":{"line":11,"column":5}},"loc":{"start":{"line":11,"column":23},"end":{"line":17,"column":5}},"line":11},"1":{"name":"(anonymous_1)","decl":{"start":{"line":19,"column":19},"end":{"line":19,"column":20}},"loc":{"start":{"line":19,"column":26},"end":{"line":22,"column":1}},"line":19},"2":{"name":"(anonymous_2)","decl":{"start":{"line":24,"column":21},"end":{"line":24,"column":22}},"loc":{"start":{"line":24,"column":28},"end":{"line":27,"column":1}},"line":24},"3":{"name":"(anonymous_3)","decl":{"start":{"line":29,"column":19},"end":{"line":29,"column":20}},"loc":{"start":{"line":29,"column":26},"end":{"line":32,"column":1}},"line":29},"4":{"name":"(anonymous_4)","decl":{"start":{"line":34,"column":24},"end":{"line":34,"column":25}},"loc":{"start":{"line":34,"column":31},"end":{"line":37,"column":1}},"line":34},"5":{"name":"(anonymous_5)","decl":{"start":{"line":39,"column":15},"end":{"line":39,"column":16}},"loc":{"start":{"line":39,"column":28},"end":{"line":70,"column":1}},"line":39},"6":{"name":"(anonymous_6)","decl":{"start":{"line":61,"column":14},"end":{"line":61,"column":15}},"loc":{"start":{"line":61,"column":26},"end":{"line":61,"column":41}},"line":61},"7":{"name":"(anonymous_7)","decl":{"start":{"line":62,"column":14},"end":{"line":62,"column":15}},"loc":{"start":{"line":62,"column":21},"end":{"line":69,"column":9}},"line":62},"8":{"name":"(anonymous_8)","decl":{"start":{"line":72,"column":0},"end":{"line":72,"column":1}},"loc":{"start":{"line":72,"column":8},"end":{"line":126,"column":3}},"line":72}},"branchMap":{"0":{"loc":{"start":{"line":63,"column":12},"end":{"line":68,"column":13}},"type":"if","locations":[{"start":{"line":63,"column":12},"end":{"line":68,"column":13}},{"start":{"line":63,"column":12},"end":{"line":68,"column":13}}],"line":63},"1":{"loc":{"start":{"line":66,"column":19},"end":{"line":68,"column":13}},"type":"if","locations":[{"start":{"line":66,"column":19},"end":{"line":68,"column":13}},{"start":{"line":66,"column":19},"end":{"line":68,"column":13}}],"line":66}},"s":{"0":0,"1":0,"2":0,"3":0,"4":0,"5":0,"6":0,"7":0,"8":0,"9":0,"10":0,"11":0,"12":0,"13":0,"14":0,"15":0,"16":0,"17":0,"18":0,"19":0,"20":0,"21":0,"22":0,"23":0,"24":0,"25":0,"26":0,"27":0,"28":0},"f":{"0":0,"1":0,"2":0,"3":0,"4":0,"5":0,"6":0,"7":0,"8":0},"b":{"0":[0,0],"1":[0,0]},"hash":"a345eb6837aa5c04ace99dec3964d15f48c8b811"}
,"/Users/richard/Futureproof/databases/habit-app/src/components/LogIn.js": {"path":"/Users/richard/Futureproof/databases/habit-app/src/components/LogIn.js","statementMap":{"0":{"start":{"line":9,"column":8},"end":{"line":9,"column":21}},"1":{"start":{"line":10,"column":8},"end":{"line":17,"column":9}},"2":{"start":{"line":20,"column":27},"end":{"line":23,"column":5}},"3":{"start":{"line":21,"column":23},"end":{"line":21,"column":37}},"4":{"start":{"line":22,"column":8},"end":{"line":22,"column":45}},"5":{"start":{"line":24,"column":27},"end":{"line":27,"column":5}},"6":{"start":{"line":25,"column":23},"end":{"line":25,"column":37}},"7":{"start":{"line":26,"column":8},"end":{"line":26,"column":45}},"8":{"start":{"line":29,"column":24},"end":{"line":56,"column":5}},"9":{"start":{"line":30,"column":8},"end":{"line":30,"column":31}},"10":{"start":{"line":31,"column":20},"end":{"line":31,"column":49}},"11":{"start":{"line":32,"column":8},"end":{"line":55,"column":10}},"12":{"start":{"line":37,"column":26},"end":{"line":37,"column":41}},"13":{"start":{"line":40,"column":12},"end":{"line":54,"column":13}},"14":{"start":{"line":41,"column":16},"end":{"line":44,"column":18}},"15":{"start":{"line":45,"column":16},"end":{"line":45,"column":39}},"16":{"start":{"line":46,"column":19},"end":{"line":54,"column":13}},"17":{"start":{"line":47,"column":16},"end":{"line":50,"column":18}},"18":{"start":{"line":51,"column":16},"end":{"line":51,"column":39}},"19":{"start":{"line":52,"column":19},"end":{"line":54,"column":13}},"20":{"start":{"line":53,"column":16},"end":{"line":53,"column":39}},"21":{"start":{"line":58,"column":22},"end":{"line":60,"column":5}},"22":{"start":{"line":59,"column":8},"end":{"line":59,"column":41}},"23":{"start":{"line":62,"column":23},"end":{"line":84,"column":5}},"24":{"start":{"line":63,"column":8},"end":{"line":63,"column":31}},"25":{"start":{"line":64,"column":20},"end":{"line":64,"column":49}},"26":{"start":{"line":65,"column":8},"end":{"line":82,"column":11}},"27":{"start":{"line":70,"column":26},"end":{"line":70,"column":41}},"28":{"start":{"line":72,"column":12},"end":{"line":81,"column":13}},"29":{"start":{"line":73,"column":16},"end":{"line":73,"column":46}},"30":{"start":{"line":74,"column":16},"end":{"line":74,"column":52}},"31":{"start":{"line":76,"column":16},"end":{"line":79,"column":18}},"32":{"start":{"line":80,"column":16},"end":{"line":80,"column":39}},"33":{"start":{"line":87,"column":8},"end":{"line":104,"column":9}}},"fnMap":{"0":{"name":"(anonymous_0)","decl":{"start":{"line":8,"column":4},"end":{"line":8,"column":5}},"loc":{"start":{"line":8,"column":23},"end":{"line":18,"column":5}},"line":8},"1":{"name":"(anonymous_1)","decl":{"start":{"line":20,"column":27},"end":{"line":20,"column":28}},"loc":{"start":{"line":20,"column":34},"end":{"line":23,"column":5}},"line":20},"2":{"name":"(anonymous_2)","decl":{"start":{"line":24,"column":27},"end":{"line":24,"column":28}},"loc":{"start":{"line":24,"column":34},"end":{"line":27,"column":5}},"line":24},"3":{"name":"(anonymous_3)","decl":{"start":{"line":29,"column":24},"end":{"line":29,"column":25}},"loc":{"start":{"line":29,"column":41},"end":{"line":56,"column":5}},"line":29},"4":{"name":"(anonymous_4)","decl":{"start":{"line":37,"column":14},"end":{"line":37,"column":15}},"loc":{"start":{"line":37,"column":26},"end":{"line":37,"column":41}},"line":37},"5":{"name":"(anonymous_5)","decl":{"start":{"line":38,"column":14},"end":{"line":38,"column":15}},"loc":{"start":{"line":38,"column":21},"end":{"line":55,"column":9}},"line":38},"6":{"name":"(anonymous_6)","decl":{"start":{"line":58,"column":22},"end":{"line":58,"column":23}},"loc":{"start":{"line":58,"column":27},"end":{"line":60,"column":5}},"line":58},"7":{"name":"(anonymous_7)","decl":{"start":{"line":62,"column":23},"end":{"line":62,"column":24}},"loc":{"start":{"line":62,"column":40},"end":{"line":84,"column":5}},"line":62},"8":{"name":"(anonymous_8)","decl":{"start":{"line":70,"column":14},"end":{"line":70,"column":15}},"loc":{"start":{"line":70,"column":26},"end":{"line":70,"column":41}},"line":70},"9":{"name":"(anonymous_9)","decl":{"start":{"line":71,"column":14},"end":{"line":71,"column":15}},"loc":{"start":{"line":71,"column":22},"end":{"line":82,"column":9}},"line":71},"10":{"name":"(anonymous_10)","decl":{"start":{"line":86,"column":4},"end":{"line":86,"column":5}},"loc":{"start":{"line":86,"column":12},"end":{"line":105,"column":5}},"line":86}},"branchMap":{"0":{"loc":{"start":{"line":40,"column":12},"end":{"line":54,"column":13}},"type":"if","locations":[{"start":{"line":40,"column":12},"end":{"line":54,"column":13}},{"start":{"line":40,"column":12},"end":{"line":54,"column":13}}],"line":40},"1":{"loc":{"start":{"line":46,"column":19},"end":{"line":54,"column":13}},"type":"if","locations":[{"start":{"line":46,"column":19},"end":{"line":54,"column":13}},{"start":{"line":46,"column":19},"end":{"line":54,"column":13}}],"line":46},"2":{"loc":{"start":{"line":52,"column":19},"end":{"line":54,"column":13}},"type":"if","locations":[{"start":{"line":52,"column":19},"end":{"line":54,"column":13}},{"start":{"line":52,"column":19},"end":{"line":54,"column":13}}],"line":52},"3":{"loc":{"start":{"line":72,"column":12},"end":{"line":81,"column":13}},"type":"if","locations":[{"start":{"line":72,"column":12},"end":{"line":81,"column":13}},{"start":{"line":72,"column":12},"end":{"line":81,"column":13}}],"line":72}},"s":{"0":4,"1":4,"2":4,"3":1,"4":1,"5":4,"6":1,"7":1,"8":4,"9":0,"10":0,"11":0,"12":0,"13":0,"14":0,"15":0,"16":0,"17":0,"18":0,"19":0,"20":0,"21":4,"22":0,"23":4,"24":0,"25":0,"26":0,"27":0,"28":0,"29":0,"30":0,"31":0,"32":0,"33":6},"f":{"0":4,"1":1,"2":1,"3":0,"4":0,"5":0,"6":0,"7":0,"8":0,"9":0,"10":6},"b":{"0":[0,0],"1":[0,0],"2":[0,0],"3":[0,0]},"_coverageSchema":"43e27e138ebf9cfc5966b082cf9a028302ed4184","hash":"f212cd5b70c8ad63114162f159aab9d0902c5aef"}
,"/Users/richard/Futureproof/databases/habit-app/src/components/UpdateModal.js": {"path":"/Users/richard/Futureproof/databases/habit-app/src/components/UpdateModal.js","statementMap":{"0":{"start":{"line":11,"column":8},"end":{"line":11,"column":21}},"1":{"start":{"line":12,"column":8},"end":{"line":17,"column":9}},"2":{"start":{"line":20,"column":31},"end":{"line":24,"column":5}},"3":{"start":{"line":21,"column":8},"end":{"line":21,"column":27}},"4":{"start":{"line":22,"column":23},"end":{"line":22,"column":47}},"5":{"start":{"line":23,"column":8},"end":{"line":23,"column":44}},"6":{"start":{"line":26,"column":19},"end":{"line":49,"column":5}},"7":{"start":{"line":27,"column":8},"end":{"line":27,"column":27}},"8":{"start":{"line":29,"column":8},"end":{"line":29,"column":94}},"9":{"start":{"line":30,"column":8},"end":{"line":30,"column":139}},"10":{"start":{"line":32,"column":20},"end":{"line":32,"column":50}},"11":{"start":{"line":33,"column":8},"end":{"line":43,"column":10}},"12":{"start":{"line":45,"column":8},"end":{"line":45,"column":43}},"13":{"start":{"line":46,"column":8},"end":{"line":46,"column":39}},"14":{"start":{"line":47,"column":8},"end":{"line":47,"column":42}},"15":{"start":{"line":48,"column":8},"end":{"line":48,"column":28}},"16":{"start":{"line":51,"column":27},"end":{"line":74,"column":5}},"17":{"start":{"line":53,"column":26},"end":{"line":53,"column":53}},"18":{"start":{"line":54,"column":28},"end":{"line":54,"column":50}},"19":{"start":{"line":56,"column":8},"end":{"line":57,"column":72}},"20":{"start":{"line":59,"column":8},"end":{"line":71,"column":9}},"21":{"start":{"line":60,"column":29},"end":{"line":60,"column":53}},"22":{"start":{"line":61,"column":27},"end":{"line":61,"column":73}},"23":{"start":{"line":63,"column":24},"end":{"line":63,"column":54}},"24":{"start":{"line":64,"column":29},"end":{"line":68,"column":14}},"25":{"start":{"line":70,"column":12},"end":{"line":70,"column":43}},"26":{"start":{"line":78,"column":8},"end":{"line":106,"column":10}}},"fnMap":{"0":{"name":"(anonymous_0)","decl":{"start":{"line":10,"column":4},"end":{"line":10,"column":5}},"loc":{"start":{"line":10,"column":23},"end":{"line":18,"column":5}},"line":10},"1":{"name":"(anonymous_1)","decl":{"start":{"line":20,"column":31},"end":{"line":20,"column":32}},"loc":{"start":{"line":20,"column":38},"end":{"line":24,"column":5}},"line":20},"2":{"name":"(anonymous_2)","decl":{"start":{"line":26,"column":19},"end":{"line":26,"column":20}},"loc":{"start":{"line":26,"column":32},"end":{"line":49,"column":5}},"line":26},"3":{"name":"(anonymous_3)","decl":{"start":{"line":51,"column":27},"end":{"line":51,"column":28}},"loc":{"start":{"line":51,"column":39},"end":{"line":74,"column":5}},"line":51},"4":{"name":"(anonymous_4)","decl":{"start":{"line":77,"column":4},"end":{"line":77,"column":5}},"loc":{"start":{"line":77,"column":12},"end":{"line":107,"column":5}},"line":77}},"branchMap":{"0":{"loc":{"start":{"line":30,"column":8},"end":{"line":30,"column":138}},"type":"cond-expr","locations":[{"start":{"line":30,"column":77},"end":{"line":30,"column":106}},{"start":{"line":30,"column":109},"end":{"line":30,"column":138}}],"line":30},"1":{"loc":{"start":{"line":56,"column":8},"end":{"line":57,"column":71}},"type":"cond-expr","locations":[{"start":{"line":57,"column":8},"end":{"line":57,"column":23}},{"start":{"line":57,"column":26},"end":{"line":57,"column":71}}],"line":56},"2":{"loc":{"start":{"line":56,"column":9},"end":{"line":56,"column":121}},"type":"binary-expr","locations":[{"start":{"line":56,"column":9},"end":{"line":56,"column":49}},{"start":{"line":56,"column":53},"end":{"line":56,"column":91}},{"start":{"line":56,"column":95},"end":{"line":56,"column":121}}],"line":56},"3":{"loc":{"start":{"line":59,"column":8},"end":{"line":71,"column":9}},"type":"if","locations":[{"start":{"line":59,"column":8},"end":{"line":71,"column":9}},{"start":{"line":59,"column":8},"end":{"line":71,"column":9}}],"line":59}},"s":{"0":0,"1":0,"2":0,"3":0,"4":0,"5":0,"6":0,"7":0,"8":0,"9":0,"10":0,"11":0,"12":0,"13":0,"14":0,"15":0,"16":0,"17":0,"18":0,"19":0,"20":0,"21":0,"22":0,"23":0,"24":0,"25":0,"26":0},"f":{"0":0,"1":0,"2":0,"3":0,"4":0},"b":{"0":[0,0],"1":[0,0],"2":[0,0,0],"3":[0,0]},"hash":"af019b8fa55f2af13e8313c54a0246ecad076763"}
,"/Users/richard/Futureproof/databases/habit-app/src/containers/Dashboard.js": {"path":"/Users/richard/Futureproof/databases/habit-app/src/containers/Dashboard.js","statementMap":{"0":{"start":{"line":15,"column":4},"end":{"line":15,"column":17}},"1":{"start":{"line":16,"column":4},"end":{"line":21,"column":5}},"2":{"start":{"line":24,"column":16},"end":{"line":26,"column":3}},"3":{"start":{"line":25,"column":4},"end":{"line":25,"column":31}},"4":{"start":{"line":28,"column":22},"end":{"line":31,"column":3}},"5":{"start":{"line":29,"column":4},"end":{"line":29,"column":39}},"6":{"start":{"line":30,"column":4},"end":{"line":30,"column":27}},"7":{"start":{"line":33,"column":23},"end":{"line":44,"column":3}},"8":{"start":{"line":34,"column":4},"end":{"line":34,"column":27}},"9":{"start":{"line":36,"column":4},"end":{"line":38,"column":5}},"10":{"start":{"line":37,"column":6},"end":{"line":37,"column":31}},"11":{"start":{"line":40,"column":4},"end":{"line":42,"column":6}},"12":{"start":{"line":46,"column":18},"end":{"line":51,"column":3}},"13":{"start":{"line":47,"column":16},"end":{"line":47,"column":70}},"14":{"start":{"line":48,"column":21},"end":{"line":48,"column":37}},"15":{"start":{"line":49,"column":17},"end":{"line":49,"column":38}},"16":{"start":{"line":50,"column":4},"end":{"line":50,"column":32}},"17":{"start":{"line":53,"column":22},"end":{"line":58,"column":3}},"18":{"start":{"line":54,"column":16},"end":{"line":54,"column":66}},"19":{"start":{"line":55,"column":21},"end":{"line":55,"column":37}},"20":{"start":{"line":56,"column":17},"end":{"line":56,"column":38}},"21":{"start":{"line":57,"column":4},"end":{"line":57,"column":39}},"22":{"start":{"line":60,"column":22},"end":{"line":62,"column":3}},"23":{"start":{"line":61,"column":4},"end":{"line":61,"column":31}},"24":{"start":{"line":65,"column":4},"end":{"line":67,"column":5}},"25":{"start":{"line":66,"column":6},"end":{"line":66,"column":31}},"26":{"start":{"line":71,"column":4},"end":{"line":113,"column":6}},"27":{"start":{"line":86,"column":77},"end":{"line":86,"column":111}},"28":{"start":{"line":93,"column":24},"end":{"line":93,"column":58}},"29":{"start":{"line":100,"column":24},"end":{"line":100,"column":65}},"30":{"start":{"line":109,"column":39},"end":{"line":109,"column":95}}},"fnMap":{"0":{"name":"(anonymous_0)","decl":{"start":{"line":14,"column":2},"end":{"line":14,"column":3}},"loc":{"start":{"line":14,"column":20},"end":{"line":22,"column":3}},"line":14},"1":{"name":"(anonymous_1)","decl":{"start":{"line":24,"column":16},"end":{"line":24,"column":17}},"loc":{"start":{"line":24,"column":28},"end":{"line":26,"column":3}},"line":24},"2":{"name":"(anonymous_2)","decl":{"start":{"line":28,"column":22},"end":{"line":28,"column":23}},"loc":{"start":{"line":28,"column":27},"end":{"line":31,"column":3}},"line":28},"3":{"name":"(anonymous_3)","decl":{"start":{"line":33,"column":23},"end":{"line":33,"column":24}},"loc":{"start":{"line":33,"column":39},"end":{"line":44,"column":3}},"line":33},"4":{"name":"(anonymous_4)","decl":{"start":{"line":46,"column":18},"end":{"line":46,"column":19}},"loc":{"start":{"line":46,"column":30},"end":{"line":51,"column":3}},"line":46},"5":{"name":"(anonymous_5)","decl":{"start":{"line":53,"column":22},"end":{"line":53,"column":23}},"loc":{"start":{"line":53,"column":33},"end":{"line":58,"column":3}},"line":53},"6":{"name":"(anonymous_6)","decl":{"start":{"line":60,"column":22},"end":{"line":60,"column":23}},"loc":{"start":{"line":60,"column":33},"end":{"line":62,"column":3}},"line":60},"7":{"name":"(anonymous_7)","decl":{"start":{"line":64,"column":2},"end":{"line":64,"column":3}},"loc":{"start":{"line":64,"column":22},"end":{"line":68,"column":3}},"line":64},"8":{"name":"(anonymous_8)","decl":{"start":{"line":70,"column":2},"end":{"line":70,"column":3}},"loc":{"start":{"line":70,"column":10},"end":{"line":114,"column":3}},"line":70},"9":{"name":"(anonymous_9)","decl":{"start":{"line":86,"column":71},"end":{"line":86,"column":72}},"loc":{"start":{"line":86,"column":77},"end":{"line":86,"column":111}},"line":86},"10":{"name":"(anonymous_10)","decl":{"start":{"line":93,"column":18},"end":{"line":93,"column":19}},"loc":{"start":{"line":93,"column":24},"end":{"line":93,"column":58}},"line":93},"11":{"name":"(anonymous_11)","decl":{"start":{"line":100,"column":18},"end":{"line":100,"column":19}},"loc":{"start":{"line":100,"column":24},"end":{"line":100,"column":65}},"line":100},"12":{"name":"(anonymous_12)","decl":{"start":{"line":109,"column":31},"end":{"line":109,"column":32}},"loc":{"start":{"line":109,"column":39},"end":{"line":109,"column":95}},"line":109}},"branchMap":{"0":{"loc":{"start":{"line":36,"column":4},"end":{"line":38,"column":5}},"type":"if","locations":[{"start":{"line":36,"column":4},"end":{"line":38,"column":5}},{"start":{"line":36,"column":4},"end":{"line":38,"column":5}}],"line":36},"1":{"loc":{"start":{"line":65,"column":4},"end":{"line":67,"column":5}},"type":"if","locations":[{"start":{"line":65,"column":4},"end":{"line":67,"column":5}},{"start":{"line":65,"column":4},"end":{"line":67,"column":5}}],"line":65},"2":{"loc":{"start":{"line":71,"column":11},"end":{"line":113,"column":5}},"type":"cond-expr","locations":[{"start":{"line":71,"column":37},"end":{"line":71,"column":115}},{"start":{"line":72,"column":6},"end":{"line":112,"column":12}}],"line":71},"3":{"loc":{"start":{"line":107,"column":9},"end":{"line":110,"column":14}},"type":"cond-expr","locations":[{"start":{"line":107,"column":39},"end":{"line":107,"column":142}},{"start":{"line":108,"column":8},"end":{"line":110,"column":14}}],"line":107}},"s":{"0":0,"1":0,"2":0,"3":0,"4":0,"5":0,"6":0,"7":0,"8":0,"9":0,"10":0,"11":0,"12":0,"13":0,"14":0,"15":0,"16":0,"17":0,"18":0,"19":0,"20":0,"21":0,"22":0,"23":0,"24":0,"25":0,"26":0,"27":0,"28":0,"29":0,"30":0},"f":{"0":0,"1":0,"2":0,"3":0,"4":0,"5":0,"6":0,"7":0,"8":0,"9":0,"10":0,"11":0,"12":0},"b":{"0":[0,0],"1":[0,0],"2":[0,0],"3":[0,0]},"hash":"3f6870c1a8d7d2c52d21bc1e0bb808d3043e3094"}
}
