{"/Users/richard/Futureproof/databases/habit-app/src/App.js": {"path":"/Users/richard/Futureproof/databases/habit-app/src/App.js","statementMap":{"0":{"start":{"line":9,"column":4},"end":{"line":9,"column":17}},"1":{"start":{"line":10,"column":4},"end":{"line":12,"column":5}},"2":{"start":{"line":15,"column":10},"end":{"line":19,"column":3}},"3":{"start":{"line":16,"column":4},"end":{"line":18,"column":6}},"4":{"start":{"line":23,"column":4},"end":{"line":26,"column":61}}},"fnMap":{"0":{"name":"(anonymous_0)","decl":{"start":{"line":8,"column":2},"end":{"line":8,"column":3}},"loc":{"start":{"line":8,"column":20},"end":{"line":13,"column":3}},"line":8},"1":{"name":"(anonymous_1)","decl":{"start":{"line":15,"column":10},"end":{"line":15,"column":11}},"loc":{"start":{"line":15,"column":23},"end":{"line":19,"column":3}},"line":15},"2":{"name":"(anonymous_2)","decl":{"start":{"line":21,"column":2},"end":{"line":21,"column":3}},"loc":{"start":{"line":21,"column":11},"end":{"line":29,"column":3}},"line":21}},"branchMap":{"0":{"loc":{"start":{"line":23,"column":11},"end":{"line":26,"column":61}},"type":"cond-expr","locations":[{"start":{"line":24,"column":4},"end":{"line":24,"column":93}},{"start":{"line":26,"column":4},"end":{"line":26,"column":61}}],"line":23}},"s":{"0":0,"1":0,"2":0,"3":0,"4":0},"f":{"0":0,"1":0,"2":0},"b":{"0":[0,0]},"hash":"ed2932a439c63c0287cbb0f53933dc113c935950"}
,"/Users/richard/Futureproof/databases/habit-app/src/index.js": {"path":"/Users/richard/Futureproof/databases/habit-app/src/index.js","statementMap":{"0":{"start":{"line":8,"column":0},"end":{"line":11,"column":2}}},"fnMap":{},"branchMap":{},"s":{"0":0},"f":{},"b":{},"hash":"1c6d23a090dc76a0a7bc746b7fa18bc3ea6572e9"}
,"/Users/richard/Futureproof/databases/habit-app/src/components/AccountModal.js": {"path":"/Users/richard/Futureproof/databases/habit-app/src/components/AccountModal.js","statementMap":{"0":{"start":{"line":12,"column":8},"end":{"line":12,"column":21}},"1":{"start":{"line":13,"column":8},"end":{"line":20,"column":9}},"2":{"start":{"line":23,"column":19},"end":{"line":26,"column":1}},"3":{"start":{"line":24,"column":19},"end":{"line":24,"column":33}},"4":{"start":{"line":25,"column":4},"end":{"line":25,"column":41}},"5":{"start":{"line":28,"column":23},"end":{"line":31,"column":1}},"6":{"start":{"line":29,"column":19},"end":{"line":29,"column":33}},"7":{"start":{"line":30,"column":4},"end":{"line":30,"column":41}},"8":{"start":{"line":33,"column":15},"end":{"line":63,"column":1}},"9":{"start":{"line":34,"column":4},"end":{"line":34,"column":23}},"10":{"start":{"line":36,"column":16},"end":{"line":36,"column":45}},"11":{"start":{"line":37,"column":4},"end":{"line":60,"column":10}},"12":{"start":{"line":46,"column":26},"end":{"line":46,"column":41}},"13":{"start":{"line":48,"column":10},"end":{"line":58,"column":11}},"14":{"start":{"line":49,"column":14},"end":{"line":49,"column":47}},"15":{"start":{"line":50,"column":14},"end":{"line":50,"column":34}},"16":{"start":{"line":51,"column":14},"end":{"line":51,"column":42}},"17":{"start":{"line":54,"column":15},"end":{"line":58,"column":11}},"18":{"start":{"line":55,"column":12},"end":{"line":55,"column":72}},"19":{"start":{"line":57,"column":12},"end":{"line":57,"column":30}},"20":{"start":{"line":65,"column":20},"end":{"line":82,"column":1}},"21":{"start":{"line":66,"column":19},"end":{"line":66,"column":93}},"22":{"start":{"line":67,"column":4},"end":{"line":81,"column":5}},"23":{"start":{"line":68,"column":23},"end":{"line":68,"column":141}},"24":{"start":{"line":69,"column":8},"end":{"line":80,"column":9}},"25":{"start":{"line":70,"column":10},"end":{"line":70,"column":33}},"26":{"start":{"line":71,"column":22},"end":{"line":71,"column":51}},"27":{"start":{"line":72,"column":10},"end":{"line":78,"column":39}},"28":{"start":{"line":93,"column":4},"end":{"line":93,"column":43}},"29":{"start":{"line":100,"column":4},"end":{"line":100,"column":27}},"30":{"start":{"line":102,"column":4},"end":{"line":143,"column":6}}},"fnMap":{"0":{"name":"(anonymous_0)","decl":{"start":{"line":11,"column":4},"end":{"line":11,"column":5}},"loc":{"start":{"line":11,"column":23},"end":{"line":21,"column":5}},"line":11},"1":{"name":"(anonymous_1)","decl":{"start":{"line":23,"column":19},"end":{"line":23,"column":20}},"loc":{"start":{"line":23,"column":26},"end":{"line":26,"column":1}},"line":23},"2":{"name":"(anonymous_2)","decl":{"start":{"line":28,"column":23},"end":{"line":28,"column":24}},"loc":{"start":{"line":28,"column":30},"end":{"line":31,"column":1}},"line":28},"3":{"name":"(anonymous_3)","decl":{"start":{"line":33,"column":15},"end":{"line":33,"column":16}},"loc":{"start":{"line":33,"column":28},"end":{"line":63,"column":1}},"line":33},"4":{"name":"(anonymous_4)","decl":{"start":{"line":46,"column":14},"end":{"line":46,"column":15}},"loc":{"start":{"line":46,"column":26},"end":{"line":46,"column":41}},"line":46},"5":{"name":"(anonymous_5)","decl":{"start":{"line":47,"column":14},"end":{"line":47,"column":15}},"loc":{"start":{"line":47,"column":21},"end":{"line":60,"column":9}},"line":47},"6":{"name":"(anonymous_6)","decl":{"start":{"line":65,"column":20},"end":{"line":65,"column":21}},"loc":{"start":{"line":65,"column":30},"end":{"line":82,"column":1}},"line":65},"7":{"name":"(anonymous_7)","decl":{"start":{"line":92,"column":0},"end":{"line":92,"column":1}},"loc":{"start":{"line":92,"column":20},"end":{"line":95,"column":1}},"line":92},"8":{"name":"(anonymous_8)","decl":{"start":{"line":98,"column":0},"end":{"line":98,"column":1}},"loc":{"start":{"line":98,"column":8},"end":{"line":144,"column":3}},"line":98}},"branchMap":{"0":{"loc":{"start":{"line":48,"column":10},"end":{"line":58,"column":11}},"type":"if","locations":[{"start":{"line":48,"column":10},"end":{"line":58,"column":11}},{"start":{"line":48,"column":10},"end":{"line":58,"column":11}}],"line":48},"1":{"loc":{"start":{"line":54,"column":15},"end":{"line":58,"column":11}},"type":"if","locations":[{"start":{"line":54,"column":15},"end":{"line":58,"column":11}},{"start":{"line":54,"column":15},"end":{"line":58,"column":11}}],"line":54},"2":{"loc":{"start":{"line":67,"column":4},"end":{"line":81,"column":5}},"type":"if","locations":[{"start":{"line":67,"column":4},"end":{"line":81,"column":5}},{"start":{"line":67,"column":4},"end":{"line":81,"column":5}}],"line":67},"3":{"loc":{"start":{"line":69,"column":8},"end":{"line":80,"column":9}},"type":"if","locations":[{"start":{"line":69,"column":8},"end":{"line":80,"column":9}},{"start":{"line":69,"column":8},"end":{"line":80,"column":9}}],"line":69},"4":{"loc":{"start":{"line":102,"column":11},"end":{"line":143,"column":5}},"type":"cond-expr","locations":[{"start":{"line":102,"column":41},"end":{"line":102,"column":53}},{"start":{"line":103,"column":6},"end":{"line":142,"column":14}}],"line":102}},"s":{"0":0,"1":0,"2":0,"3":0,"4":0,"5":0,"6":0,"7":0,"8":0,"9":0,"10":0,"11":0,"12":0,"13":0,"14":0,"15":0,"16":0,"17":0,"18":0,"19":0,"20":0,"21":0,"22":0,"23":0,"24":0,"25":0,"26":0,"27":0,"28":0,"29":0,"30":0},"f":{"0":0,"1":0,"2":0,"3":0,"4":0,"5":0,"6":0,"7":0,"8":0},"b":{"0":[0,0],"1":[0,0],"2":[0,0],"3":[0,0],"4":[0,0]},"hash":"b5e410272b196df601b388dc21487158bf79f07b"}
,"/Users/richard/Futureproof/databases/habit-app/src/components/Alert.js": {"path":"/Users/richard/Futureproof/databases/habit-app/src/components/Alert.js","statementMap":{"0":{"start":{"line":6,"column":8},"end":{"line":6,"column":21}},"1":{"start":{"line":7,"column":8},"end":{"line":8,"column":9}},"2":{"start":{"line":11,"column":8},"end":{"line":19,"column":9}},"3":{"start":{"line":12,"column":8},"end":{"line":16,"column":10}},"4":{"start":{"line":18,"column":12},"end":{"line":18,"column":23}}},"fnMap":{"0":{"name":"(anonymous_0)","decl":{"start":{"line":5,"column":4},"end":{"line":5,"column":5}},"loc":{"start":{"line":5,"column":23},"end":{"line":9,"column":5}},"line":5},"1":{"name":"(anonymous_1)","decl":{"start":{"line":10,"column":4},"end":{"line":10,"column":5}},"loc":{"start":{"line":10,"column":12},"end":{"line":20,"column":5}},"line":10}},"branchMap":{"0":{"loc":{"start":{"line":11,"column":8},"end":{"line":19,"column":9}},"type":"if","locations":[{"start":{"line":11,"column":8},"end":{"line":19,"column":9}},{"start":{"line":11,"column":8},"end":{"line":19,"column":9}}],"line":11}},"s":{"0":1,"1":1,"2":2,"3":0,"4":2},"f":{"0":1,"1":2},"b":{"0":[0,2]},"_coverageSchema":"43e27e138ebf9cfc5966b082cf9a028302ed4184","hash":"5880ffe6ea9bf506179f359df9114e30af84b3b6"}
,"/Users/richard/Futureproof/databases/habit-app/src/components/EditModal.js": {"path":"/Users/richard/Futureproof/databases/habit-app/src/components/EditModal.js","statementMap":{"0":{"start":{"line":12,"column":8},"end":{"line":12,"column":21}},"1":{"start":{"line":13,"column":8},"end":{"line":19,"column":9}},"2":{"start":{"line":22,"column":19},"end":{"line":25,"column":1}},"3":{"start":{"line":23,"column":21},"end":{"line":23,"column":35}},"4":{"start":{"line":24,"column":4},"end":{"line":24,"column":45}},"5":{"start":{"line":27,"column":21},"end":{"line":30,"column":1}},"6":{"start":{"line":28,"column":23},"end":{"line":28,"column":37}},"7":{"start":{"line":29,"column":4},"end":{"line":29,"column":49}},"8":{"start":{"line":32,"column":19},"end":{"line":35,"column":1}},"9":{"start":{"line":33,"column":21},"end":{"line":33,"column":35}},"10":{"start":{"line":34,"column":4},"end":{"line":34,"column":45}},"11":{"start":{"line":37,"column":24},"end":{"line":40,"column":1}},"12":{"start":{"line":38,"column":20},"end":{"line":38,"column":34}},"13":{"start":{"line":39,"column":4},"end":{"line":39,"column":43}},"14":{"start":{"line":42,"column":20},"end":{"line":55,"column":1}},"15":{"start":{"line":43,"column":4},"end":{"line":43,"column":27}},"16":{"start":{"line":44,"column":19},"end":{"line":44,"column":93}},"17":{"start":{"line":45,"column":4},"end":{"line":54,"column":5}},"18":{"start":{"line":46,"column":16},"end":{"line":46,"column":46}},"19":{"start":{"line":47,"column":21},"end":{"line":51,"column":6}},"20":{"start":{"line":52,"column":4},"end":{"line":52,"column":29}},"21":{"start":{"line":53,"column":4},"end":{"line":53,"column":24}},"22":{"start":{"line":57,"column":15},"end":{"line":85,"column":1}},"23":{"start":{"line":58,"column":4},"end":{"line":58,"column":38}},"24":{"start":{"line":59,"column":4},"end":{"line":59,"column":23}},"25":{"start":{"line":61,"column":16},"end":{"line":61,"column":46}},"26":{"start":{"line":62,"column":4},"end":{"line":84,"column":10}},"27":{"start":{"line":71,"column":26},"end":{"line":71,"column":41}},"28":{"start":{"line":73,"column":12},"end":{"line":83,"column":13}},"29":{"start":{"line":74,"column":16},"end":{"line":74,"column":50}},"30":{"start":{"line":75,"column":16},"end":{"line":75,"column":36}},"31":{"start":{"line":76,"column":16},"end":{"line":76,"column":41}},"32":{"start":{"line":78,"column":17},"end":{"line":83,"column":13}},"33":{"start":{"line":79,"column":16},"end":{"line":79,"column":76}},"34":{"start":{"line":82,"column":16},"end":{"line":82,"column":34}},"35":{"start":{"line":88,"column":4},"end":{"line":88,"column":27}},"36":{"start":{"line":89,"column":4},"end":{"line":89,"column":38}},"37":{"start":{"line":90,"column":4},"end":{"line":138,"column":6}}},"fnMap":{"0":{"name":"(anonymous_0)","decl":{"start":{"line":11,"column":4},"end":{"line":11,"column":5}},"loc":{"start":{"line":11,"column":23},"end":{"line":20,"column":5}},"line":11},"1":{"name":"(anonymous_1)","decl":{"start":{"line":22,"column":19},"end":{"line":22,"column":20}},"loc":{"start":{"line":22,"column":26},"end":{"line":25,"column":1}},"line":22},"2":{"name":"(anonymous_2)","decl":{"start":{"line":27,"column":21},"end":{"line":27,"column":22}},"loc":{"start":{"line":27,"column":28},"end":{"line":30,"column":1}},"line":27},"3":{"name":"(anonymous_3)","decl":{"start":{"line":32,"column":19},"end":{"line":32,"column":20}},"loc":{"start":{"line":32,"column":26},"end":{"line":35,"column":1}},"line":32},"4":{"name":"(anonymous_4)","decl":{"start":{"line":37,"column":24},"end":{"line":37,"column":25}},"loc":{"start":{"line":37,"column":31},"end":{"line":40,"column":1}},"line":37},"5":{"name":"(anonymous_5)","decl":{"start":{"line":42,"column":20},"end":{"line":42,"column":21}},"loc":{"start":{"line":42,"column":36},"end":{"line":55,"column":1}},"line":42},"6":{"name":"(anonymous_6)","decl":{"start":{"line":57,"column":15},"end":{"line":57,"column":16}},"loc":{"start":{"line":57,"column":22},"end":{"line":85,"column":1}},"line":57},"7":{"name":"(anonymous_7)","decl":{"start":{"line":71,"column":14},"end":{"line":71,"column":15}},"loc":{"start":{"line":71,"column":26},"end":{"line":71,"column":41}},"line":71},"8":{"name":"(anonymous_8)","decl":{"start":{"line":72,"column":14},"end":{"line":72,"column":15}},"loc":{"start":{"line":72,"column":21},"end":{"line":84,"column":9}},"line":72},"9":{"name":"(anonymous_9)","decl":{"start":{"line":87,"column":0},"end":{"line":87,"column":1}},"loc":{"start":{"line":87,"column":8},"end":{"line":139,"column":3}},"line":87}},"branchMap":{"0":{"loc":{"start":{"line":45,"column":4},"end":{"line":54,"column":5}},"type":"if","locations":[{"start":{"line":45,"column":4},"end":{"line":54,"column":5}},{"start":{"line":45,"column":4},"end":{"line":54,"column":5}}],"line":45},"1":{"loc":{"start":{"line":73,"column":12},"end":{"line":83,"column":13}},"type":"if","locations":[{"start":{"line":73,"column":12},"end":{"line":83,"column":13}},{"start":{"line":73,"column":12},"end":{"line":83,"column":13}}],"line":73},"2":{"loc":{"start":{"line":78,"column":17},"end":{"line":83,"column":13}},"type":"if","locations":[{"start":{"line":78,"column":17},"end":{"line":83,"column":13}},{"start":{"line":78,"column":17},"end":{"line":83,"column":13}}],"line":78}},"s":{"0":0,"1":0,"2":0,"3":0,"4":0,"5":0,"6":0,"7":0,"8":0,"9":0,"10":0,"11":0,"12":0,"13":0,"14":0,"15":0,"16":0,"17":0,"18":0,"19":0,"20":0,"21":0,"22":0,"23":0,"24":0,"25":0,"26":0,"27":0,"28":0,"29":0,"30":0,"31":0,"32":0,"33":0,"34":0,"35":0,"36":0,"37":0},"f":{"0":0,"1":0,"2":0,"3":0,"4":0,"5":0,"6":0,"7":0,"8":0,"9":0},"b":{"0":[0,0],"1":[0,0],"2":[0,0]},"hash":"df5d163126f753dbd4532e9fbf1cab1c958a612b"}
,"/Users/richard/Futureproof/databases/habit-app/src/components/Habit.js": {"path":"/Users/richard/Futureproof/databases/habit-app/src/components/Habit.js","statementMap":{"0":{"start":{"line":45,"column":8},"end":{"line":45,"column":21}},"1":{"start":{"line":46,"column":8},"end":{"line":53,"column":9}},"2":{"start":{"line":56,"column":26},"end":{"line":72,"column":5}},"3":{"start":{"line":57,"column":8},"end":{"line":57,"column":84}},"4":{"start":{"line":58,"column":8},"end":{"line":58,"column":31}},"5":{"start":{"line":59,"column":20},"end":{"line":59,"column":50}},"6":{"start":{"line":60,"column":8},"end":{"line":64,"column":10}},"7":{"start":{"line":66,"column":8},"end":{"line":66,"column":39}},"8":{"start":{"line":67,"column":8},"end":{"line":67,"column":119}},"9":{"start":{"line":69,"column":8},"end":{"line":69,"column":42}},"10":{"start":{"line":70,"column":8},"end":{"line":70,"column":74}},"11":{"start":{"line":71,"column":8},"end":{"line":71,"column":112}},"12":{"start":{"line":74,"column":27},"end":{"line":99,"column":5}},"13":{"start":{"line":76,"column":26},"end":{"line":76,"column":53}},"14":{"start":{"line":77,"column":28},"end":{"line":77,"column":50}},"15":{"start":{"line":79,"column":8},"end":{"line":80,"column":65}},"16":{"start":{"line":82,"column":8},"end":{"line":97,"column":9}},"17":{"start":{"line":83,"column":29},"end":{"line":83,"column":53}},"18":{"start":{"line":84,"column":27},"end":{"line":84,"column":73}},"19":{"start":{"line":86,"column":24},"end":{"line":86,"column":54}},"20":{"start":{"line":87,"column":29},"end":{"line":91,"column":14}},"21":{"start":{"line":93,"column":12},"end":{"line":93,"column":43}},"22":{"start":{"line":94,"column":12},"end":{"line":94,"column":51}},"23":{"start":{"line":96,"column":12},"end":{"line":96,"column":53}},"24":{"start":{"line":102,"column":22},"end":{"line":133,"column":5}},"25":{"start":{"line":106,"column":29},"end":{"line":106,"column":102}},"26":{"start":{"line":109,"column":23},"end":{"line":109,"column":51}},"27":{"start":{"line":112,"column":23},"end":{"line":112,"column":41}},"28":{"start":{"line":115,"column":24},"end":{"line":115,"column":51}},"29":{"start":{"line":118,"column":22},"end":{"line":118,"column":36}},"30":{"start":{"line":121,"column":24},"end":{"line":121,"column":39}},"31":{"start":{"line":124,"column":26},"end":{"line":124,"column":49}},"32":{"start":{"line":127,"column":26},"end":{"line":127,"column":49}},"33":{"start":{"line":130,"column":31},"end":{"line":130,"column":117}},"34":{"start":{"line":132,"column":12},"end":{"line":132,"column":31}},"35":{"start":{"line":137,"column":20},"end":{"line":137,"column":94}},"36":{"start":{"line":142,"column":27},"end":{"line":145,"column":9}},"37":{"start":{"line":143,"column":27},"end":{"line":143,"column":106}},"38":{"start":{"line":144,"column":12},"end":{"line":144,"column":27}},"39":{"start":{"line":147,"column":29},"end":{"line":156,"column":9}},"40":{"start":{"line":148,"column":29},"end":{"line":148,"column":66}},"41":{"start":{"line":149,"column":12},"end":{"line":154,"column":13}},"42":{"start":{"line":150,"column":16},"end":{"line":150,"column":40}},"43":{"start":{"line":151,"column":16},"end":{"line":153,"column":17}},"44":{"start":{"line":152,"column":20},"end":{"line":152,"column":44}},"45":{"start":{"line":155,"column":12},"end":{"line":155,"column":45}},"46":{"start":{"line":158,"column":26},"end":{"line":158,"column":32}},"47":{"start":{"line":159,"column":26},"end":{"line":159,"column":54}},"48":{"start":{"line":160,"column":25},"end":{"line":160,"column":30}},"49":{"start":{"line":161,"column":31},"end":{"line":161,"column":33}},"50":{"start":{"line":162,"column":21},"end":{"line":162,"column":43}},"51":{"start":{"line":165,"column":8},"end":{"line":173,"column":9}},"52":{"start":{"line":166,"column":12},"end":{"line":166,"column":29}},"53":{"start":{"line":168,"column":13},"end":{"line":173,"column":9}},"54":{"start":{"line":169,"column":12},"end":{"line":169,"column":26}},"55":{"start":{"line":172,"column":12},"end":{"line":172,"column":26}},"56":{"start":{"line":175,"column":8},"end":{"line":178,"column":9}},"57":{"start":{"line":176,"column":12},"end":{"line":176,"column":30}},"58":{"start":{"line":180,"column":8},"end":{"line":186,"column":9}},"59":{"start":{"line":181,"column":12},"end":{"line":181,"column":69}},"60":{"start":{"line":182,"column":12},"end":{"line":182,"column":28}},"61":{"start":{"line":184,"column":12},"end":{"line":184,"column":60}},"62":{"start":{"line":185,"column":12},"end":{"line":185,"column":37}},"63":{"start":{"line":188,"column":8},"end":{"line":194,"column":9}},"64":{"start":{"line":189,"column":12},"end":{"line":189,"column":31}},"65":{"start":{"line":192,"column":12},"end":{"line":192,"column":31}},"66":{"start":{"line":193,"column":12},"end":{"line":193,"column":26}},"67":{"start":{"line":196,"column":8},"end":{"line":199,"column":9}},"68":{"start":{"line":197,"column":12},"end":{"line":197,"column":29}},"69":{"start":{"line":198,"column":12},"end":{"line":198,"column":56}},"70":{"start":{"line":208,"column":8},"end":{"line":251,"column":9}},"71":{"start":{"line":222,"column":59},"end":{"line":222,"column":94}},"72":{"start":{"line":223,"column":58},"end":{"line":223,"column":91}},"73":{"start":{"line":234,"column":34},"end":{"line":234,"column":67}},"74":{"start":{"line":242,"column":34},"end":{"line":242,"column":69}}},"fnMap":{"0":{"name":"(anonymous_0)","decl":{"start":{"line":44,"column":4},"end":{"line":44,"column":5}},"loc":{"start":{"line":44,"column":23},"end":{"line":54,"column":5}},"line":44},"1":{"name":"(anonymous_1)","decl":{"start":{"line":56,"column":26},"end":{"line":56,"column":27}},"loc":{"start":{"line":56,"column":42},"end":{"line":72,"column":5}},"line":56},"2":{"name":"(anonymous_2)","decl":{"start":{"line":74,"column":27},"end":{"line":74,"column":28}},"loc":{"start":{"line":74,"column":39},"end":{"line":99,"column":5}},"line":74},"3":{"name":"(anonymous_3)","decl":{"start":{"line":102,"column":22},"end":{"line":102,"column":23}},"loc":{"start":{"line":102,"column":39},"end":{"line":133,"column":5}},"line":102},"4":{"name":"(anonymous_4)","decl":{"start":{"line":135,"column":4},"end":{"line":135,"column":5}},"loc":{"start":{"line":135,"column":14},"end":{"line":252,"column":5}},"line":135},"5":{"name":"(anonymous_5)","decl":{"start":{"line":142,"column":27},"end":{"line":142,"column":28}},"loc":{"start":{"line":142,"column":32},"end":{"line":145,"column":9}},"line":142},"6":{"name":"(anonymous_6)","decl":{"start":{"line":147,"column":29},"end":{"line":147,"column":30}},"loc":{"start":{"line":147,"column":33},"end":{"line":156,"column":9}},"line":147},"7":{"name":"(anonymous_7)","decl":{"start":{"line":222,"column":53},"end":{"line":222,"column":54}},"loc":{"start":{"line":222,"column":59},"end":{"line":222,"column":94}},"line":222},"8":{"name":"(anonymous_8)","decl":{"start":{"line":223,"column":52},"end":{"line":223,"column":53}},"loc":{"start":{"line":223,"column":58},"end":{"line":223,"column":91}},"line":223},"9":{"name":"(anonymous_9)","decl":{"start":{"line":234,"column":28},"end":{"line":234,"column":29}},"loc":{"start":{"line":234,"column":34},"end":{"line":234,"column":67}},"line":234},"10":{"name":"(anonymous_10)","decl":{"start":{"line":242,"column":28},"end":{"line":242,"column":29}},"loc":{"start":{"line":242,"column":34},"end":{"line":242,"column":69}},"line":242}},"branchMap":{"0":{"loc":{"start":{"line":79,"column":8},"end":{"line":80,"column":64}},"type":"cond-expr","locations":[{"start":{"line":80,"column":8},"end":{"line":80,"column":23}},{"start":{"line":80,"column":26},"end":{"line":80,"column":64}}],"line":79},"1":{"loc":{"start":{"line":79,"column":9},"end":{"line":79,"column":126}},"type":"binary-expr","locations":[{"start":{"line":79,"column":9},"end":{"line":79,"column":49}},{"start":{"line":79,"column":53},"end":{"line":79,"column":91}},{"start":{"line":79,"column":95},"end":{"line":79,"column":126}}],"line":79},"2":{"loc":{"start":{"line":82,"column":8},"end":{"line":97,"column":9}},"type":"if","locations":[{"start":{"line":82,"column":8},"end":{"line":97,"column":9}},{"start":{"line":82,"column":8},"end":{"line":97,"column":9}}],"line":82},"3":{"loc":{"start":{"line":151,"column":16},"end":{"line":153,"column":17}},"type":"if","locations":[{"start":{"line":151,"column":16},"end":{"line":153,"column":17}},{"start":{"line":151,"column":16},"end":{"line":153,"column":17}}],"line":151},"4":{"loc":{"start":{"line":165,"column":8},"end":{"line":173,"column":9}},"type":"if","locations":[{"start":{"line":165,"column":8},"end":{"line":173,"column":9}},{"start":{"line":165,"column":8},"end":{"line":173,"column":9}}],"line":165},"5":{"loc":{"start":{"line":168,"column":13},"end":{"line":173,"column":9}},"type":"if","locations":[{"start":{"line":168,"column":13},"end":{"line":173,"column":9}},{"start":{"line":168,"column":13},"end":{"line":173,"column":9}}],"line":168},"6":{"loc":{"start":{"line":175,"column":8},"end":{"line":178,"column":9}},"type":"if","locations":[{"start":{"line":175,"column":8},"end":{"line":178,"column":9}},{"start":{"line":175,"column":8},"end":{"line":178,"column":9}}],"line":175},"7":{"loc":{"start":{"line":180,"column":8},"end":{"line":186,"column":9}},"type":"if","locations":[{"start":{"line":180,"column":8},"end":{"line":186,"column":9}},{"start":{"line":180,"column":8},"end":{"line":186,"column":9}}],"line":180},"8":{"loc":{"start":{"line":188,"column":8},"end":{"line":194,"column":9}},"type":"if","locations":[{"start":{"line":188,"column":8},"end":{"line":194,"column":9}},{"start":{"line":188,"column":8},"end":{"line":194,"column":9}}],"line":188},"9":{"loc":{"start":{"line":196,"column":8},"end":{"line":199,"column":9}},"type":"if","locations":[{"start":{"line":196,"column":8},"end":{"line":199,"column":9}},{"start":{"line":196,"column":8},"end":{"line":199,"column":9}}],"line":196}},"s":{"0":0,"1":0,"2":0,"3":0,"4":0,"5":0,"6":0,"7":0,"8":0,"9":0,"10":0,"11":0,"12":0,"13":0,"14":0,"15":0,"16":0,"17":0,"18":0,"19":0,"20":0,"21":0,"22":0,"23":0,"24":0,"25":0,"26":0,"27":0,"28":0,"29":0,"30":0,"31":0,"32":0,"33":0,"34":0,"35":0,"36":0,"37":0,"38":0,"39":0,"40":0,"41":0,"42":0,"43":0,"44":0,"45":0,"46":0,"47":0,"48":0,"49":0,"50":0,"51":0,"52":0,"53":0,"54":0,"55":0,"56":0,"57":0,"58":0,"59":0,"60":0,"61":0,"62":0,"63":0,"64":0,"65":0,"66":0,"67":0,"68":0,"69":0,"70":0,"71":0,"72":0,"73":0,"74":0},"f":{"0":0,"1":0,"2":0,"3":0,"4":0,"5":0,"6":0,"7":0,"8":0,"9":0,"10":0},"b":{"0":[0,0],"1":[0,0,0],"2":[0,0],"3":[0,0],"4":[0,0],"5":[0,0],"6":[0,0],"7":[0,0],"8":[0,0],"9":[0,0]},"hash":"c3a36d7e0136036c46eab1e3f87d43076505c775"}
,"/Users/richard/Futureproof/databases/habit-app/src/components/HabitModal.js": {"path":"/Users/richard/Futureproof/databases/habit-app/src/components/HabitModal.js","statementMap":{"0":{"start":{"line":12,"column":8},"end":{"line":12,"column":21}},"1":{"start":{"line":13,"column":8},"end":{"line":16,"column":9}},"2":{"start":{"line":19,"column":19},"end":{"line":22,"column":1}},"3":{"start":{"line":20,"column":21},"end":{"line":20,"column":35}},"4":{"start":{"line":21,"column":4},"end":{"line":21,"column":45}},"5":{"start":{"line":24,"column":21},"end":{"line":27,"column":1}},"6":{"start":{"line":25,"column":23},"end":{"line":25,"column":37}},"7":{"start":{"line":26,"column":4},"end":{"line":26,"column":49}},"8":{"start":{"line":29,"column":19},"end":{"line":32,"column":1}},"9":{"start":{"line":30,"column":21},"end":{"line":30,"column":35}},"10":{"start":{"line":31,"column":4},"end":{"line":31,"column":45}},"11":{"start":{"line":34,"column":24},"end":{"line":37,"column":1}},"12":{"start":{"line":35,"column":20},"end":{"line":35,"column":34}},"13":{"start":{"line":36,"column":4},"end":{"line":36,"column":43}},"14":{"start":{"line":39,"column":15},"end":{"line":72,"column":1}},"15":{"start":{"line":40,"column":4},"end":{"line":40,"column":23}},"16":{"start":{"line":42,"column":21},"end":{"line":42,"column":69}},"17":{"start":{"line":43,"column":19},"end":{"line":43,"column":60}},"18":{"start":{"line":45,"column":16},"end":{"line":45,"column":46}},"19":{"start":{"line":46,"column":4},"end":{"line":71,"column":10}},"20":{"start":{"line":61,"column":26},"end":{"line":61,"column":41}},"21":{"start":{"line":63,"column":12},"end":{"line":70,"column":13}},"22":{"start":{"line":64,"column":16},"end":{"line":64,"column":36}},"23":{"start":{"line":65,"column":16},"end":{"line":65,"column":41}},"24":{"start":{"line":66,"column":19},"end":{"line":70,"column":13}},"25":{"start":{"line":67,"column":16},"end":{"line":67,"column":76}},"26":{"start":{"line":69,"column":16},"end":{"line":69,"column":34}},"27":{"start":{"line":75,"column":21},"end":{"line":75,"column":31}},"28":{"start":{"line":76,"column":30},"end":{"line":76,"column":119}},"29":{"start":{"line":78,"column":4},"end":{"line":128,"column":6}}},"fnMap":{"0":{"name":"(anonymous_0)","decl":{"start":{"line":11,"column":4},"end":{"line":11,"column":5}},"loc":{"start":{"line":11,"column":23},"end":{"line":17,"column":5}},"line":11},"1":{"name":"(anonymous_1)","decl":{"start":{"line":19,"column":19},"end":{"line":19,"column":20}},"loc":{"start":{"line":19,"column":26},"end":{"line":22,"column":1}},"line":19},"2":{"name":"(anonymous_2)","decl":{"start":{"line":24,"column":21},"end":{"line":24,"column":22}},"loc":{"start":{"line":24,"column":28},"end":{"line":27,"column":1}},"line":24},"3":{"name":"(anonymous_3)","decl":{"start":{"line":29,"column":19},"end":{"line":29,"column":20}},"loc":{"start":{"line":29,"column":26},"end":{"line":32,"column":1}},"line":29},"4":{"name":"(anonymous_4)","decl":{"start":{"line":34,"column":24},"end":{"line":34,"column":25}},"loc":{"start":{"line":34,"column":31},"end":{"line":37,"column":1}},"line":34},"5":{"name":"(anonymous_5)","decl":{"start":{"line":39,"column":15},"end":{"line":39,"column":16}},"loc":{"start":{"line":39,"column":28},"end":{"line":72,"column":1}},"line":39},"6":{"name":"(anonymous_6)","decl":{"start":{"line":61,"column":14},"end":{"line":61,"column":15}},"loc":{"start":{"line":61,"column":26},"end":{"line":61,"column":41}},"line":61},"7":{"name":"(anonymous_7)","decl":{"start":{"line":62,"column":14},"end":{"line":62,"column":15}},"loc":{"start":{"line":62,"column":21},"end":{"line":71,"column":9}},"line":62},"8":{"name":"(anonymous_8)","decl":{"start":{"line":74,"column":0},"end":{"line":74,"column":1}},"loc":{"start":{"line":74,"column":8},"end":{"line":129,"column":3}},"line":74}},"branchMap":{"0":{"loc":{"start":{"line":63,"column":12},"end":{"line":70,"column":13}},"type":"if","locations":[{"start":{"line":63,"column":12},"end":{"line":70,"column":13}},{"start":{"line":63,"column":12},"end":{"line":70,"column":13}}],"line":63},"1":{"loc":{"start":{"line":66,"column":19},"end":{"line":70,"column":13}},"type":"if","locations":[{"start":{"line":66,"column":19},"end":{"line":70,"column":13}},{"start":{"line":66,"column":19},"end":{"line":70,"column":13}}],"line":66}},"s":{"0":0,"1":0,"2":0,"3":0,"4":0,"5":0,"6":0,"7":0,"8":0,"9":0,"10":0,"11":0,"12":0,"13":0,"14":0,"15":0,"16":0,"17":0,"18":0,"19":0,"20":0,"21":0,"22":0,"23":0,"24":0,"25":0,"26":0,"27":0,"28":0,"29":0},"f":{"0":0,"1":0,"2":0,"3":0,"4":0,"5":0,"6":0,"7":0,"8":0},"b":{"0":[0,0],"1":[0,0]},"hash":"ab1bd4f55ca7d38859dd9e9da622dafdcdd45c26"}
,"/Users/richard/Futureproof/databases/habit-app/src/components/LogIn.js": {"path":"/Users/richard/Futureproof/databases/habit-app/src/components/LogIn.js","statementMap":{"0":{"start":{"line":9,"column":8},"end":{"line":9,"column":21}},"1":{"start":{"line":10,"column":8},"end":{"line":17,"column":9}},"2":{"start":{"line":20,"column":27},"end":{"line":23,"column":5}},"3":{"start":{"line":21,"column":23},"end":{"line":21,"column":37}},"4":{"start":{"line":22,"column":8},"end":{"line":22,"column":45}},"5":{"start":{"line":24,"column":27},"end":{"line":27,"column":5}},"6":{"start":{"line":25,"column":23},"end":{"line":25,"column":37}},"7":{"start":{"line":26,"column":8},"end":{"line":26,"column":45}},"8":{"start":{"line":29,"column":24},"end":{"line":61,"column":5}},"9":{"start":{"line":30,"column":8},"end":{"line":30,"column":31}},"10":{"start":{"line":31,"column":20},"end":{"line":31,"column":49}},"11":{"start":{"line":32,"column":8},"end":{"line":60,"column":10}},"12":{"start":{"line":37,"column":26},"end":{"line":37,"column":41}},"13":{"start":{"line":40,"column":12},"end":{"line":59,"column":13}},"14":{"start":{"line":41,"column":16},"end":{"line":41,"column":47}},"15":{"start":{"line":42,"column":16},"end":{"line":45,"column":18}},"16":{"start":{"line":46,"column":16},"end":{"line":46,"column":39}},"17":{"start":{"line":47,"column":19},"end":{"line":59,"column":13}},"18":{"start":{"line":48,"column":16},"end":{"line":48,"column":48}},"19":{"start":{"line":49,"column":16},"end":{"line":52,"column":18}},"20":{"start":{"line":53,"column":16},"end":{"line":53,"column":39}},"21":{"start":{"line":54,"column":19},"end":{"line":59,"column":13}},"22":{"start":{"line":55,"column":16},"end":{"line":55,"column":46}},"23":{"start":{"line":56,"column":16},"end":{"line":56,"column":39}},"24":{"start":{"line":58,"column":16},"end":{"line":58,"column":33}},"25":{"start":{"line":63,"column":22},"end":{"line":65,"column":5}},"26":{"start":{"line":64,"column":8},"end":{"line":64,"column":41}},"27":{"start":{"line":67,"column":23},"end":{"line":90,"column":5}},"28":{"start":{"line":68,"column":8},"end":{"line":68,"column":31}},"29":{"start":{"line":69,"column":20},"end":{"line":69,"column":49}},"30":{"start":{"line":70,"column":8},"end":{"line":88,"column":11}},"31":{"start":{"line":75,"column":26},"end":{"line":75,"column":41}},"32":{"start":{"line":77,"column":12},"end":{"line":87,"column":13}},"33":{"start":{"line":78,"column":16},"end":{"line":78,"column":46}},"34":{"start":{"line":79,"column":16},"end":{"line":79,"column":52}},"35":{"start":{"line":81,"column":16},"end":{"line":81,"column":46}},"36":{"start":{"line":82,"column":16},"end":{"line":85,"column":18}},"37":{"start":{"line":86,"column":16},"end":{"line":86,"column":39}},"38":{"start":{"line":93,"column":8},"end":{"line":113,"column":9}}},"fnMap":{"0":{"name":"(anonymous_0)","decl":{"start":{"line":8,"column":4},"end":{"line":8,"column":5}},"loc":{"start":{"line":8,"column":23},"end":{"line":18,"column":5}},"line":8},"1":{"name":"(anonymous_1)","decl":{"start":{"line":20,"column":27},"end":{"line":20,"column":28}},"loc":{"start":{"line":20,"column":34},"end":{"line":23,"column":5}},"line":20},"2":{"name":"(anonymous_2)","decl":{"start":{"line":24,"column":27},"end":{"line":24,"column":28}},"loc":{"start":{"line":24,"column":34},"end":{"line":27,"column":5}},"line":24},"3":{"name":"(anonymous_3)","decl":{"start":{"line":29,"column":24},"end":{"line":29,"column":25}},"loc":{"start":{"line":29,"column":41},"end":{"line":61,"column":5}},"line":29},"4":{"name":"(anonymous_4)","decl":{"start":{"line":37,"column":14},"end":{"line":37,"column":15}},"loc":{"start":{"line":37,"column":26},"end":{"line":37,"column":41}},"line":37},"5":{"name":"(anonymous_5)","decl":{"start":{"line":38,"column":14},"end":{"line":38,"column":15}},"loc":{"start":{"line":38,"column":21},"end":{"line":60,"column":9}},"line":38},"6":{"name":"(anonymous_6)","decl":{"start":{"line":63,"column":22},"end":{"line":63,"column":23}},"loc":{"start":{"line":63,"column":27},"end":{"line":65,"column":5}},"line":63},"7":{"name":"(anonymous_7)","decl":{"start":{"line":67,"column":23},"end":{"line":67,"column":24}},"loc":{"start":{"line":67,"column":40},"end":{"line":90,"column":5}},"line":67},"8":{"name":"(anonymous_8)","decl":{"start":{"line":75,"column":14},"end":{"line":75,"column":15}},"loc":{"start":{"line":75,"column":26},"end":{"line":75,"column":41}},"line":75},"9":{"name":"(anonymous_9)","decl":{"start":{"line":76,"column":14},"end":{"line":76,"column":15}},"loc":{"start":{"line":76,"column":22},"end":{"line":88,"column":9}},"line":76},"10":{"name":"(anonymous_10)","decl":{"start":{"line":92,"column":4},"end":{"line":92,"column":5}},"loc":{"start":{"line":92,"column":12},"end":{"line":114,"column":5}},"line":92}},"branchMap":{"0":{"loc":{"start":{"line":40,"column":12},"end":{"line":59,"column":13}},"type":"if","locations":[{"start":{"line":40,"column":12},"end":{"line":59,"column":13}},{"start":{"line":40,"column":12},"end":{"line":59,"column":13}}],"line":40},"1":{"loc":{"start":{"line":47,"column":19},"end":{"line":59,"column":13}},"type":"if","locations":[{"start":{"line":47,"column":19},"end":{"line":59,"column":13}},{"start":{"line":47,"column":19},"end":{"line":59,"column":13}}],"line":47},"2":{"loc":{"start":{"line":54,"column":19},"end":{"line":59,"column":13}},"type":"if","locations":[{"start":{"line":54,"column":19},"end":{"line":59,"column":13}},{"start":{"line":54,"column":19},"end":{"line":59,"column":13}}],"line":54},"3":{"loc":{"start":{"line":77,"column":12},"end":{"line":87,"column":13}},"type":"if","locations":[{"start":{"line":77,"column":12},"end":{"line":87,"column":13}},{"start":{"line":77,"column":12},"end":{"line":87,"column":13}}],"line":77}},"s":{"0":6,"1":6,"2":6,"3":1,"4":1,"5":6,"6":1,"7":1,"8":6,"9":0,"10":0,"11":0,"12":0,"13":0,"14":0,"15":0,"16":0,"17":0,"18":0,"19":0,"20":0,"21":0,"22":0,"23":0,"24":0,"25":6,"26":0,"27":6,"28":1,"29":1,"30":1,"31":0,"32":0,"33":0,"34":0,"35":0,"36":0,"37":0,"38":9},"f":{"0":6,"1":1,"2":1,"3":0,"4":0,"5":0,"6":0,"7":1,"8":0,"9":0,"10":9},"b":{"0":[0,0],"1":[0,0],"2":[0,0],"3":[0,0]},"_coverageSchema":"43e27e138ebf9cfc5966b082cf9a028302ed4184","hash":"86091a2e42711a9b48afdccecf0af89b7d1f6054"}
,"/Users/richard/Futureproof/databases/habit-app/src/components/Modal.js": {"path":"/Users/richard/Futureproof/databases/habit-app/src/components/Modal.js","statementMap":{"0":{"start":{"line":12,"column":8},"end":{"line":12,"column":21}},"1":{"start":{"line":13,"column":8},"end":{"line":14,"column":9}},"2":{"start":{"line":17,"column":19},"end":{"line":20,"column":1}},"3":{"start":{"line":18,"column":21},"end":{"line":18,"column":35}},"4":{"start":{"line":19,"column":4},"end":{"line":19,"column":45}},"5":{"start":{"line":22,"column":21},"end":{"line":25,"column":1}},"6":{"start":{"line":23,"column":23},"end":{"line":23,"column":37}},"7":{"start":{"line":24,"column":4},"end":{"line":24,"column":49}},"8":{"start":{"line":27,"column":19},"end":{"line":30,"column":1}},"9":{"start":{"line":28,"column":21},"end":{"line":28,"column":35}},"10":{"start":{"line":29,"column":4},"end":{"line":29,"column":45}},"11":{"start":{"line":32,"column":24},"end":{"line":35,"column":1}},"12":{"start":{"line":33,"column":20},"end":{"line":33,"column":34}},"13":{"start":{"line":34,"column":4},"end":{"line":34,"column":43}},"14":{"start":{"line":37,"column":15},"end":{"line":61,"column":1}},"15":{"start":{"line":38,"column":4},"end":{"line":38,"column":23}},"16":{"start":{"line":40,"column":21},"end":{"line":40,"column":69}},"17":{"start":{"line":41,"column":19},"end":{"line":41,"column":60}},"18":{"start":{"line":43,"column":16},"end":{"line":43,"column":46}},"19":{"start":{"line":44,"column":21},"end":{"line":58,"column":10}},"20":{"start":{"line":59,"column":4},"end":{"line":59,"column":24}},"21":{"start":{"line":60,"column":4},"end":{"line":60,"column":29}},"22":{"start":{"line":67,"column":4},"end":{"line":67,"column":27}},"23":{"start":{"line":68,"column":4},"end":{"line":115,"column":6}}},"fnMap":{"0":{"name":"(anonymous_0)","decl":{"start":{"line":11,"column":4},"end":{"line":11,"column":5}},"loc":{"start":{"line":11,"column":23},"end":{"line":15,"column":5}},"line":11},"1":{"name":"(anonymous_1)","decl":{"start":{"line":17,"column":19},"end":{"line":17,"column":20}},"loc":{"start":{"line":17,"column":26},"end":{"line":20,"column":1}},"line":17},"2":{"name":"(anonymous_2)","decl":{"start":{"line":22,"column":21},"end":{"line":22,"column":22}},"loc":{"start":{"line":22,"column":28},"end":{"line":25,"column":1}},"line":22},"3":{"name":"(anonymous_3)","decl":{"start":{"line":27,"column":19},"end":{"line":27,"column":20}},"loc":{"start":{"line":27,"column":26},"end":{"line":30,"column":1}},"line":27},"4":{"name":"(anonymous_4)","decl":{"start":{"line":32,"column":24},"end":{"line":32,"column":25}},"loc":{"start":{"line":32,"column":31},"end":{"line":35,"column":1}},"line":32},"5":{"name":"(anonymous_5)","decl":{"start":{"line":37,"column":15},"end":{"line":37,"column":16}},"loc":{"start":{"line":37,"column":28},"end":{"line":61,"column":1}},"line":37},"6":{"name":"(anonymous_6)","decl":{"start":{"line":66,"column":0},"end":{"line":66,"column":1}},"loc":{"start":{"line":66,"column":8},"end":{"line":116,"column":3}},"line":66}},"branchMap":{},"s":{"0":0,"1":0,"2":0,"3":0,"4":0,"5":0,"6":0,"7":0,"8":0,"9":0,"10":0,"11":0,"12":0,"13":0,"14":0,"15":0,"16":0,"17":0,"18":0,"19":0,"20":0,"21":0,"22":0,"23":0},"f":{"0":0,"1":0,"2":0,"3":0,"4":0,"5":0,"6":0},"b":{},"hash":"b709679d916690c6357cccf78cb5b5161077ec06"}
,"/Users/richard/Futureproof/databases/habit-app/src/components/Prologue.js": {"path":"/Users/richard/Futureproof/databases/habit-app/src/components/Prologue.js","statementMap":{},"fnMap":{},"branchMap":{},"s":{},"f":{},"b":{},"hash":"d4d084fa8e70a2d8dca2eb9c9bd0e052ac050c11"}
,"/Users/richard/Futureproof/databases/habit-app/src/components/UpdateModal.js": {"path":"/Users/richard/Futureproof/databases/habit-app/src/components/UpdateModal.js","statementMap":{"0":{"start":{"line":11,"column":8},"end":{"line":11,"column":21}},"1":{"start":{"line":12,"column":8},"end":{"line":17,"column":9}},"2":{"start":{"line":20,"column":31},"end":{"line":24,"column":5}},"3":{"start":{"line":21,"column":8},"end":{"line":21,"column":27}},"4":{"start":{"line":22,"column":23},"end":{"line":22,"column":47}},"5":{"start":{"line":23,"column":8},"end":{"line":23,"column":44}},"6":{"start":{"line":26,"column":19},"end":{"line":51,"column":5}},"7":{"start":{"line":27,"column":8},"end":{"line":27,"column":27}},"8":{"start":{"line":29,"column":8},"end":{"line":29,"column":94}},"9":{"start":{"line":30,"column":8},"end":{"line":30,"column":139}},"10":{"start":{"line":32,"column":8},"end":{"line":32,"column":91}},"11":{"start":{"line":33,"column":20},"end":{"line":33,"column":50}},"12":{"start":{"line":34,"column":8},"end":{"line":44,"column":10}},"13":{"start":{"line":46,"column":8},"end":{"line":46,"column":43}},"14":{"start":{"line":47,"column":8},"end":{"line":47,"column":39}},"15":{"start":{"line":48,"column":8},"end":{"line":48,"column":86}},"16":{"start":{"line":49,"column":8},"end":{"line":49,"column":42}},"17":{"start":{"line":50,"column":8},"end":{"line":50,"column":28}},"18":{"start":{"line":53,"column":27},"end":{"line":79,"column":5}},"19":{"start":{"line":54,"column":8},"end":{"line":54,"column":105}},"20":{"start":{"line":56,"column":26},"end":{"line":56,"column":53}},"21":{"start":{"line":57,"column":28},"end":{"line":57,"column":50}},"22":{"start":{"line":59,"column":8},"end":{"line":60,"column":72}},"23":{"start":{"line":62,"column":8},"end":{"line":77,"column":9}},"24":{"start":{"line":63,"column":29},"end":{"line":63,"column":53}},"25":{"start":{"line":64,"column":27},"end":{"line":64,"column":73}},"26":{"start":{"line":66,"column":24},"end":{"line":66,"column":54}},"27":{"start":{"line":67,"column":29},"end":{"line":71,"column":14}},"28":{"start":{"line":73,"column":12},"end":{"line":73,"column":43}},"29":{"start":{"line":74,"column":12},"end":{"line":74,"column":51}},"30":{"start":{"line":76,"column":12},"end":{"line":76,"column":53}},"31":{"start":{"line":83,"column":8},"end":{"line":83,"column":31}},"32":{"start":{"line":84,"column":8},"end":{"line":84,"column":42}},"33":{"start":{"line":85,"column":8},"end":{"line":113,"column":10}}},"fnMap":{"0":{"name":"(anonymous_0)","decl":{"start":{"line":10,"column":4},"end":{"line":10,"column":5}},"loc":{"start":{"line":10,"column":23},"end":{"line":18,"column":5}},"line":10},"1":{"name":"(anonymous_1)","decl":{"start":{"line":20,"column":31},"end":{"line":20,"column":32}},"loc":{"start":{"line":20,"column":38},"end":{"line":24,"column":5}},"line":20},"2":{"name":"(anonymous_2)","decl":{"start":{"line":26,"column":19},"end":{"line":26,"column":20}},"loc":{"start":{"line":26,"column":32},"end":{"line":51,"column":5}},"line":26},"3":{"name":"(anonymous_3)","decl":{"start":{"line":53,"column":27},"end":{"line":53,"column":28}},"loc":{"start":{"line":53,"column":39},"end":{"line":79,"column":5}},"line":53},"4":{"name":"(anonymous_4)","decl":{"start":{"line":82,"column":4},"end":{"line":82,"column":5}},"loc":{"start":{"line":82,"column":12},"end":{"line":114,"column":5}},"line":82}},"branchMap":{"0":{"loc":{"start":{"line":30,"column":8},"end":{"line":30,"column":138}},"type":"cond-expr","locations":[{"start":{"line":30,"column":77},"end":{"line":30,"column":106}},{"start":{"line":30,"column":109},"end":{"line":30,"column":138}}],"line":30},"1":{"loc":{"start":{"line":59,"column":8},"end":{"line":60,"column":71}},"type":"cond-expr","locations":[{"start":{"line":60,"column":8},"end":{"line":60,"column":23}},{"start":{"line":60,"column":26},"end":{"line":60,"column":71}}],"line":59},"2":{"loc":{"start":{"line":59,"column":9},"end":{"line":59,"column":121}},"type":"binary-expr","locations":[{"start":{"line":59,"column":9},"end":{"line":59,"column":49}},{"start":{"line":59,"column":53},"end":{"line":59,"column":91}},{"start":{"line":59,"column":95},"end":{"line":59,"column":121}}],"line":59},"3":{"loc":{"start":{"line":62,"column":8},"end":{"line":77,"column":9}},"type":"if","locations":[{"start":{"line":62,"column":8},"end":{"line":77,"column":9}},{"start":{"line":62,"column":8},"end":{"line":77,"column":9}}],"line":62}},"s":{"0":0,"1":0,"2":0,"3":0,"4":0,"5":0,"6":0,"7":0,"8":0,"9":0,"10":0,"11":0,"12":0,"13":0,"14":0,"15":0,"16":0,"17":0,"18":0,"19":0,"20":0,"21":0,"22":0,"23":0,"24":0,"25":0,"26":0,"27":0,"28":0,"29":0,"30":0,"31":0,"32":0,"33":0},"f":{"0":0,"1":0,"2":0,"3":0,"4":0},"b":{"0":[0,0],"1":[0,0],"2":[0,0,0],"3":[0,0]},"hash":"37bf09794093556f5f5ff250a5b772ba79f5304d"}
,"/Users/richard/Futureproof/databases/habit-app/src/containers/Dashboard.js": {"path":"/Users/richard/Futureproof/databases/habit-app/src/containers/Dashboard.js","statementMap":{"0":{"start":{"line":15,"column":4},"end":{"line":15,"column":17}},"1":{"start":{"line":16,"column":4},"end":{"line":21,"column":5}},"2":{"start":{"line":24,"column":16},"end":{"line":26,"column":3}},"3":{"start":{"line":25,"column":4},"end":{"line":25,"column":31}},"4":{"start":{"line":28,"column":22},"end":{"line":32,"column":3}},"5":{"start":{"line":29,"column":4},"end":{"line":29,"column":39}},"6":{"start":{"line":30,"column":4},"end":{"line":30,"column":63}},"7":{"start":{"line":31,"column":4},"end":{"line":31,"column":27}},"8":{"start":{"line":34,"column":23},"end":{"line":47,"column":3}},"9":{"start":{"line":35,"column":4},"end":{"line":35,"column":27}},"10":{"start":{"line":36,"column":4},"end":{"line":36,"column":40}},"11":{"start":{"line":38,"column":4},"end":{"line":41,"column":5}},"12":{"start":{"line":39,"column":6},"end":{"line":39,"column":62}},"13":{"start":{"line":40,"column":6},"end":{"line":40,"column":31}},"14":{"start":{"line":43,"column":4},"end":{"line":45,"column":6}},"15":{"start":{"line":49,"column":18},"end":{"line":54,"column":3}},"16":{"start":{"line":50,"column":16},"end":{"line":50,"column":70}},"17":{"start":{"line":51,"column":21},"end":{"line":51,"column":37}},"18":{"start":{"line":52,"column":17},"end":{"line":52,"column":38}},"19":{"start":{"line":53,"column":4},"end":{"line":53,"column":32}},"20":{"start":{"line":56,"column":22},"end":{"line":61,"column":3}},"21":{"start":{"line":57,"column":16},"end":{"line":57,"column":66}},"22":{"start":{"line":58,"column":21},"end":{"line":58,"column":37}},"23":{"start":{"line":59,"column":17},"end":{"line":59,"column":38}},"24":{"start":{"line":60,"column":4},"end":{"line":60,"column":39}},"25":{"start":{"line":63,"column":22},"end":{"line":65,"column":3}},"26":{"start":{"line":64,"column":4},"end":{"line":64,"column":31}},"27":{"start":{"line":68,"column":4},"end":{"line":68,"column":34}},"28":{"start":{"line":69,"column":4},"end":{"line":71,"column":5}},"29":{"start":{"line":70,"column":6},"end":{"line":70,"column":31}},"30":{"start":{"line":75,"column":4},"end":{"line":75,"column":40}},"31":{"start":{"line":76,"column":4},"end":{"line":118,"column":6}},"32":{"start":{"line":91,"column":77},"end":{"line":91,"column":111}},"33":{"start":{"line":98,"column":24},"end":{"line":98,"column":58}},"34":{"start":{"line":105,"column":24},"end":{"line":105,"column":65}},"35":{"start":{"line":114,"column":39},"end":{"line":114,"column":95}}},"fnMap":{"0":{"name":"(anonymous_0)","decl":{"start":{"line":14,"column":2},"end":{"line":14,"column":3}},"loc":{"start":{"line":14,"column":20},"end":{"line":22,"column":3}},"line":14},"1":{"name":"(anonymous_1)","decl":{"start":{"line":24,"column":16},"end":{"line":24,"column":17}},"loc":{"start":{"line":24,"column":28},"end":{"line":26,"column":3}},"line":24},"2":{"name":"(anonymous_2)","decl":{"start":{"line":28,"column":22},"end":{"line":28,"column":23}},"loc":{"start":{"line":28,"column":27},"end":{"line":32,"column":3}},"line":28},"3":{"name":"(anonymous_3)","decl":{"start":{"line":34,"column":23},"end":{"line":34,"column":24}},"loc":{"start":{"line":34,"column":39},"end":{"line":47,"column":3}},"line":34},"4":{"name":"(anonymous_4)","decl":{"start":{"line":49,"column":18},"end":{"line":49,"column":19}},"loc":{"start":{"line":49,"column":30},"end":{"line":54,"column":3}},"line":49},"5":{"name":"(anonymous_5)","decl":{"start":{"line":56,"column":22},"end":{"line":56,"column":23}},"loc":{"start":{"line":56,"column":33},"end":{"line":61,"column":3}},"line":56},"6":{"name":"(anonymous_6)","decl":{"start":{"line":63,"column":22},"end":{"line":63,"column":23}},"loc":{"start":{"line":63,"column":33},"end":{"line":65,"column":3}},"line":63},"7":{"name":"(anonymous_7)","decl":{"start":{"line":67,"column":2},"end":{"line":67,"column":3}},"loc":{"start":{"line":67,"column":22},"end":{"line":72,"column":3}},"line":67},"8":{"name":"(anonymous_8)","decl":{"start":{"line":74,"column":2},"end":{"line":74,"column":3}},"loc":{"start":{"line":74,"column":10},"end":{"line":119,"column":3}},"line":74},"9":{"name":"(anonymous_9)","decl":{"start":{"line":91,"column":71},"end":{"line":91,"column":72}},"loc":{"start":{"line":91,"column":77},"end":{"line":91,"column":111}},"line":91},"10":{"name":"(anonymous_10)","decl":{"start":{"line":98,"column":18},"end":{"line":98,"column":19}},"loc":{"start":{"line":98,"column":24},"end":{"line":98,"column":58}},"line":98},"11":{"name":"(anonymous_11)","decl":{"start":{"line":105,"column":18},"end":{"line":105,"column":19}},"loc":{"start":{"line":105,"column":24},"end":{"line":105,"column":65}},"line":105},"12":{"name":"(anonymous_12)","decl":{"start":{"line":114,"column":31},"end":{"line":114,"column":32}},"loc":{"start":{"line":114,"column":39},"end":{"line":114,"column":95}},"line":114}},"branchMap":{"0":{"loc":{"start":{"line":38,"column":4},"end":{"line":41,"column":5}},"type":"if","locations":[{"start":{"line":38,"column":4},"end":{"line":41,"column":5}},{"start":{"line":38,"column":4},"end":{"line":41,"column":5}}],"line":38},"1":{"loc":{"start":{"line":69,"column":4},"end":{"line":71,"column":5}},"type":"if","locations":[{"start":{"line":69,"column":4},"end":{"line":71,"column":5}},{"start":{"line":69,"column":4},"end":{"line":71,"column":5}}],"line":69},"2":{"loc":{"start":{"line":76,"column":11},"end":{"line":118,"column":5}},"type":"cond-expr","locations":[{"start":{"line":76,"column":37},"end":{"line":76,"column":115}},{"start":{"line":77,"column":6},"end":{"line":117,"column":12}}],"line":76},"3":{"loc":{"start":{"line":112,"column":9},"end":{"line":115,"column":14}},"type":"cond-expr","locations":[{"start":{"line":112,"column":39},"end":{"line":112,"column":142}},{"start":{"line":113,"column":8},"end":{"line":115,"column":14}}],"line":112}},"s":{"0":0,"1":0,"2":0,"3":0,"4":0,"5":0,"6":0,"7":0,"8":0,"9":0,"10":0,"11":0,"12":0,"13":0,"14":0,"15":0,"16":0,"17":0,"18":0,"19":0,"20":0,"21":0,"22":0,"23":0,"24":0,"25":0,"26":0,"27":0,"28":0,"29":0,"30":0,"31":0,"32":0,"33":0,"34":0,"35":0},"f":{"0":0,"1":0,"2":0,"3":0,"4":0,"5":0,"6":0,"7":0,"8":0,"9":0,"10":0,"11":0,"12":0},"b":{"0":[0,0],"1":[0,0],"2":[0,0],"3":[0,0]},"hash":"dee31fc72c09a018e6762b43cd8da5ad072d56fb"}
}
