TN:
SF:C:\Users\HJC\Documents\futureproof_code\habit-app\src\App.js
FN:8,(anonymous_0)
FN:15,(anonymous_1)
FN:21,(anonymous_2)
FNF:3
FNH:0
FNDA:0,(anonymous_0)
FNDA:0,(anonymous_1)
FNDA:0,(anonymous_2)
DA:9,0
DA:10,0
DA:15,0
DA:16,0
DA:23,0
LF:5
LH:0
BRDA:23,0,0,0
BRDA:23,0,1,0
BRF:2
BRH:0
end_of_record
TN:
SF:C:\Users\HJC\Documents\futureproof_code\habit-app\src\index.js
FNF:0
FNH:0
DA:8,0
LF:1
LH:0
BRF:0
BRH:0
end_of_record
TN:
SF:C:\Users\HJC\Documents\futureproof_code\habit-app\src\components\AccountModal.js
FN:11,(anonymous_0)
FN:23,(anonymous_1)
FN:28,(anonymous_2)
FN:33,(anonymous_3)
FN:46,(anonymous_4)
FN:47,(anonymous_5)
FN:64,(anonymous_6)
FN:91,(anonymous_7)
FN:97,(anonymous_8)
FNF:9
FNH:9
FNDA:8,(anonymous_0)
FNDA:1,(anonymous_1)
FNDA:1,(anonymous_2)
FNDA:1,(anonymous_3)
FNDA:1,(anonymous_4)
FNDA:1,(anonymous_5)
FNDA:1,(anonymous_6)
FNDA:8,(anonymous_7)
FNDA:19,(anonymous_8)
DA:12,8
DA:13,8
DA:23,8
DA:24,1
DA:25,1
DA:28,8
DA:29,1
DA:30,1
DA:33,8
DA:34,1
DA:36,1
DA:37,1
DA:46,1
DA:48,1
DA:49,0
DA:50,0
DA:51,0
DA:53,1
DA:54,1
DA:56,0
DA:64,8
DA:65,1
DA:66,1
DA:67,1
DA:68,1
DA:69,0
DA:70,0
DA:71,0
DA:92,8
DA:101,19
LF:30
LH:23
BRDA:48,0,0,0
BRDA:48,0,1,1
BRDA:53,1,0,1
BRDA:53,1,1,0
BRDA:66,2,0,1
BRDA:66,2,1,0
BRDA:68,3,0,0
BRDA:68,3,1,1
BRDA:101,4,0,0
BRDA:101,4,1,19
BRF:10
BRH:5
end_of_record
TN:
SF:C:\Users\HJC\Documents\futureproof_code\habit-app\src\components\Alert.js
FN:5,(anonymous_0)
FN:10,(anonymous_1)
FNF:2
FNH:2
FNDA:8,(anonymous_0)
FNDA:19,(anonymous_1)
DA:6,8
DA:7,8
DA:11,19
DA:12,1
DA:18,18
LF:5
LH:5
BRDA:11,0,0,1
BRDA:11,0,1,18
BRF:2
BRH:2
end_of_record
TN:
SF:C:\Users\HJC\Documents\futureproof_code\habit-app\src\components\EditModal.js
FN:11,(anonymous_0)
FN:22,(anonymous_1)
FN:27,(anonymous_2)
FN:32,(anonymous_3)
FN:37,(anonymous_4)
FN:42,(anonymous_5)
FN:57,(anonymous_6)
FN:71,(anonymous_7)
FN:72,(anonymous_8)
FN:87,(anonymous_9)
FNF:10
FNH:0
FNDA:0,(anonymous_0)
FNDA:0,(anonymous_1)
FNDA:0,(anonymous_2)
FNDA:0,(anonymous_3)
FNDA:0,(anonymous_4)
FNDA:0,(anonymous_5)
FNDA:0,(anonymous_6)
FNDA:0,(anonymous_7)
FNDA:0,(anonymous_8)
FNDA:0,(anonymous_9)
DA:12,0
DA:13,0
DA:22,0
DA:23,0
DA:24,0
DA:27,0
DA:28,0
DA:29,0
DA:32,0
DA:33,0
DA:34,0
DA:37,0
DA:38,0
DA:39,0
DA:42,0
DA:43,0
DA:44,0
DA:45,0
DA:46,0
DA:47,0
DA:52,0
DA:53,0
DA:57,0
DA:58,0
DA:59,0
DA:61,0
DA:62,0
DA:71,0
DA:73,0
DA:74,0
DA:75,0
DA:76,0
DA:78,0
DA:79,0
DA:82,0
DA:88,0
DA:89,0
DA:90,0
LF:38
LH:0
BRDA:45,0,0,0
BRDA:45,0,1,0
BRDA:73,1,0,0
BRDA:73,1,1,0
BRDA:78,2,0,0
BRDA:78,2,1,0
BRF:6
BRH:0
end_of_record
TN:
SF:C:\Users\HJC\Documents\futureproof_code\habit-app\src\components\Habit.js
FN:44,(anonymous_0)
FN:56,(anonymous_1)
FN:74,(anonymous_2)
FN:102,(anonymous_3)
FN:135,(anonymous_4)
FN:142,(anonymous_5)
FN:147,(anonymous_6)
FN:222,(anonymous_7)
FN:223,(anonymous_8)
FN:234,(anonymous_9)
FN:242,(anonymous_10)
FNF:11
FNH:0
FNDA:0,(anonymous_0)
FNDA:0,(anonymous_1)
FNDA:0,(anonymous_2)
FNDA:0,(anonymous_3)
FNDA:0,(anonymous_4)
FNDA:0,(anonymous_5)
FNDA:0,(anonymous_6)
FNDA:0,(anonymous_7)
FNDA:0,(anonymous_8)
FNDA:0,(anonymous_9)
FNDA:0,(anonymous_10)
DA:45,0
DA:46,0
DA:56,0
DA:57,0
DA:58,0
DA:59,0
DA:60,0
DA:66,0
DA:67,0
DA:69,0
DA:70,0
DA:71,0
DA:74,0
DA:76,0
DA:77,0
DA:79,0
DA:82,0
DA:83,0
DA:84,0
DA:86,0
DA:87,0
DA:93,0
DA:94,0
DA:96,0
DA:102,0
DA:106,0
DA:109,0
DA:112,0
DA:115,0
DA:118,0
DA:121,0
DA:124,0
DA:127,0
DA:130,0
DA:132,0
DA:137,0
DA:142,0
DA:143,0
DA:144,0
DA:147,0
DA:148,0
DA:149,0
DA:150,0
DA:151,0
DA:152,0
DA:155,0
DA:158,0
DA:159,0
DA:160,0
DA:161,0
DA:162,0
DA:165,0
DA:166,0
DA:168,0
DA:169,0
DA:172,0
DA:175,0
DA:176,0
DA:180,0
DA:181,0
DA:182,0
DA:184,0
DA:185,0
DA:188,0
DA:189,0
DA:192,0
DA:193,0
DA:196,0
DA:197,0
DA:198,0
DA:208,0
DA:222,0
DA:223,0
DA:234,0
DA:242,0
LF:75
LH:0
BRDA:79,0,0,0
BRDA:79,0,1,0
BRDA:79,1,0,0
BRDA:79,1,1,0
BRDA:79,1,2,0
BRDA:82,2,0,0
BRDA:82,2,1,0
BRDA:151,3,0,0
BRDA:151,3,1,0
BRDA:165,4,0,0
BRDA:165,4,1,0
BRDA:168,5,0,0
BRDA:168,5,1,0
BRDA:175,6,0,0
BRDA:175,6,1,0
BRDA:180,7,0,0
BRDA:180,7,1,0
BRDA:188,8,0,0
BRDA:188,8,1,0
BRDA:196,9,0,0
BRDA:196,9,1,0
BRF:21
BRH:0
end_of_record
TN:
SF:C:\Users\HJC\Documents\futureproof_code\habit-app\src\components\HabitModal.js
FN:11,(anonymous_0)
FN:19,(anonymous_1)
FN:24,(anonymous_2)
FN:29,(anonymous_3)
FN:34,(anonymous_4)
FN:39,(anonymous_5)
FN:61,(anonymous_6)
FN:62,(anonymous_7)
FN:74,(anonymous_8)
FNF:9
FNH:0
FNDA:0,(anonymous_0)
FNDA:0,(anonymous_1)
FNDA:0,(anonymous_2)
FNDA:0,(anonymous_3)
FNDA:0,(anonymous_4)
FNDA:0,(anonymous_5)
FNDA:0,(anonymous_6)
FNDA:0,(anonymous_7)
FNDA:0,(anonymous_8)
DA:12,0
DA:13,0
DA:19,0
DA:20,0
DA:21,0
DA:24,0
DA:25,0
DA:26,0
DA:29,0
DA:30,0
DA:31,0
DA:34,0
DA:35,0
DA:36,0
DA:39,0
DA:40,0
DA:42,0
DA:43,0
DA:45,0
DA:46,0
DA:61,0
DA:63,0
DA:64,0
DA:65,0
DA:66,0
DA:67,0
DA:69,0
DA:75,0
DA:76,0
DA:78,0
LF:30
LH:0
BRDA:63,0,0,0
BRDA:63,0,1,0
BRDA:66,1,0,0
BRDA:66,1,1,0
BRF:4
BRH:0
end_of_record
TN:
SF:C:\Users\HJC\Documents\futureproof_code\habit-app\src\components\LogIn.js
FN:8,(anonymous_0)
FN:20,(anonymous_1)
FN:24,(anonymous_2)
FN:29,(anonymous_3)
FN:37,(anonymous_4)
FN:38,(anonymous_5)
FN:63,(anonymous_6)
FN:67,(anonymous_7)
FN:75,(anonymous_8)
FN:76,(anonymous_9)
FN:92,(anonymous_10)
FNF:11
FNH:0
FNDA:0,(anonymous_0)
FNDA:0,(anonymous_1)
FNDA:0,(anonymous_2)
FNDA:0,(anonymous_3)
FNDA:0,(anonymous_4)
FNDA:0,(anonymous_5)
FNDA:0,(anonymous_6)
FNDA:0,(anonymous_7)
FNDA:0,(anonymous_8)
FNDA:0,(anonymous_9)
FNDA:0,(anonymous_10)
DA:9,0
DA:10,0
DA:20,0
DA:21,0
DA:22,0
DA:24,0
DA:25,0
DA:26,0
DA:29,0
DA:30,0
DA:31,0
DA:32,0
DA:37,0
DA:40,0
DA:41,0
DA:42,0
DA:46,0
DA:47,0
DA:48,0
DA:49,0
DA:53,0
DA:54,0
DA:55,0
DA:56,0
DA:58,0
DA:63,0
DA:64,0
DA:67,0
DA:68,0
DA:69,0
DA:70,0
DA:75,0
DA:77,0
DA:78,0
DA:79,0
DA:81,0
DA:82,0
DA:86,0
DA:93,0
LF:39
LH:0
BRDA:40,0,0,0
BRDA:40,0,1,0
BRDA:47,1,0,0
BRDA:47,1,1,0
BRDA:54,2,0,0
BRDA:54,2,1,0
BRDA:77,3,0,0
BRDA:77,3,1,0
BRF:8
BRH:0
end_of_record
TN:
SF:C:\Users\HJC\Documents\futureproof_code\habit-app\src\components\Modal.js
FN:11,(anonymous_0)
FN:17,(anonymous_1)
FN:22,(anonymous_2)
FN:27,(anonymous_3)
FN:32,(anonymous_4)
FN:37,(anonymous_5)
FN:66,(anonymous_6)
FNF:7
FNH:0
FNDA:0,(anonymous_0)
FNDA:0,(anonymous_1)
FNDA:0,(anonymous_2)
FNDA:0,(anonymous_3)
FNDA:0,(anonymous_4)
FNDA:0,(anonymous_5)
FNDA:0,(anonymous_6)
DA:12,0
DA:13,0
DA:17,0
DA:18,0
DA:19,0
DA:22,0
DA:23,0
DA:24,0
DA:27,0
DA:28,0
DA:29,0
DA:32,0
DA:33,0
DA:34,0
DA:37,0
DA:38,0
DA:40,0
DA:41,0
DA:43,0
DA:44,0
DA:59,0
DA:60,0
DA:67,0
DA:68,0
LF:24
LH:0
BRF:0
BRH:0
end_of_record
TN:
SF:C:\Users\HJC\Documents\futureproof_code\habit-app\src\components\Prologue.js
FNF:0
FNH:0
LF:0
LH:0
BRF:0
BRH:0
end_of_record
TN:
SF:C:\Users\HJC\Documents\futureproof_code\habit-app\src\components\UpdateModal.js
FN:10,(anonymous_0)
FN:20,(anonymous_1)
FN:26,(anonymous_2)
FN:53,(anonymous_3)
FN:82,(anonymous_4)
FNF:5
FNH:0
FNDA:0,(anonymous_0)
FNDA:0,(anonymous_1)
FNDA:0,(anonymous_2)
FNDA:0,(anonymous_3)
FNDA:0,(anonymous_4)
DA:11,0
DA:12,0
DA:20,0
DA:21,0
DA:22,0
DA:23,0
DA:26,0
DA:27,0
DA:29,0
DA:30,0
DA:32,0
DA:33,0
DA:34,0
DA:46,0
DA:47,0
DA:48,0
DA:49,0
DA:50,0
DA:53,0
DA:54,0
DA:56,0
DA:57,0
DA:59,0
DA:62,0
DA:63,0
DA:64,0
DA:66,0
DA:67,0
DA:73,0
DA:74,0
DA:76,0
DA:83,0
DA:84,0
DA:85,0
LF:34
LH:0
BRDA:30,0,0,0
BRDA:30,0,1,0
BRDA:59,1,0,0
BRDA:59,1,1,0
BRDA:59,2,0,0
BRDA:59,2,1,0
BRDA:59,2,2,0
BRDA:62,3,0,0
BRDA:62,3,1,0
BRF:9
BRH:0
end_of_record
TN:
SF:C:\Users\HJC\Documents\futureproof_code\habit-app\src\containers\Dashboard.js
FN:14,(anonymous_0)
FN:24,(anonymous_1)
FN:28,(anonymous_2)
FN:34,(anonymous_3)
FN:49,(anonymous_4)
FN:56,(anonymous_5)
FN:63,(anonymous_6)
FN:67,(anonymous_7)
FN:74,(anonymous_8)
FN:91,(anonymous_9)
FN:98,(anonymous_10)
FN:105,(anonymous_11)
FN:114,(anonymous_12)
FNF:13
FNH:0
FNDA:0,(anonymous_0)
FNDA:0,(anonymous_1)
FNDA:0,(anonymous_2)
FNDA:0,(anonymous_3)
FNDA:0,(anonymous_4)
FNDA:0,(anonymous_5)
FNDA:0,(anonymous_6)
FNDA:0,(anonymous_7)
FNDA:0,(anonymous_8)
FNDA:0,(anonymous_9)
FNDA:0,(anonymous_10)
FNDA:0,(anonymous_11)
FNDA:0,(anonymous_12)
DA:15,0
DA:16,0
DA:24,0
DA:25,0
DA:28,0
DA:29,0
DA:30,0
DA:31,0
DA:34,0
DA:35,0
DA:36,0
DA:38,0
DA:39,0
DA:40,0
DA:43,0
DA:49,0
DA:50,0
DA:51,0
DA:52,0
DA:53,0
DA:56,0
DA:57,0
DA:58,0
DA:59,0
DA:60,0
DA:63,0
DA:64,0
DA:68,0
DA:69,0
DA:70,0
DA:75,0
DA:76,0
DA:91,0
DA:98,0
DA:105,0
DA:114,0
LF:36
LH:0
BRDA:38,0,0,0
BRDA:38,0,1,0
BRDA:69,1,0,0
BRDA:69,1,1,0
BRDA:76,2,0,0
BRDA:76,2,1,0
BRDA:112,3,0,0
BRDA:112,3,1,0
BRF:8
BRH:0
end_of_record
