TN:
SF:/Users/richard/Futureproof/databases/habit-app/src/App.js
FN:8,(anonymous_0)
FN:15,(anonymous_1)
FN:21,(anonymous_2)
FNF:3
FNH:0
FNDA:0,(anonymous_0)
FNDA:0,(anonymous_1)
FNDA:0,(anonymous_2)
DA:9,0
DA:10,0
DA:15,0
DA:16,0
DA:23,0
LF:5
LH:0
BRDA:23,0,0,0
BRDA:23,0,1,0
BRF:2
BRH:0
end_of_record
TN:
SF:/Users/richard/Futureproof/databases/habit-app/src/index.js
FNF:0
FNH:0
DA:8,0
LF:1
LH:0
BRF:0
BRH:0
end_of_record
TN:
SF:/Users/richard/Futureproof/databases/habit-app/src/components/AccountModal.js
FN:11,(anonymous_0)
FN:23,(anonymous_1)
FN:28,(anonymous_2)
FN:33,(anonymous_3)
FN:46,(anonymous_4)
FN:47,(anonymous_5)
FN:62,(anonymous_6)
FN:82,(anonymous_7)
FN:86,(anonymous_8)
FNF:9
FNH:9
FNDA:8,(anonymous_0)
FNDA:1,(anonymous_1)
FNDA:1,(anonymous_2)
FNDA:1,(anonymous_3)
FNDA:1,(anonymous_4)
FNDA:1,(anonymous_5)
FNDA:1,(anonymous_6)
FNDA:8,(anonymous_7)
FNDA:19,(anonymous_8)
DA:12,8
DA:13,8
DA:23,8
DA:24,1
DA:25,1
DA:28,8
DA:29,1
DA:30,1
DA:33,8
DA:34,1
DA:36,1
DA:37,1
DA:46,1
DA:48,1
DA:49,0
DA:50,0
DA:51,0
DA:54,1
DA:55,1
DA:62,8
DA:63,1
DA:64,1
DA:65,1
DA:66,1
DA:67,0
DA:68,0
DA:69,0
DA:89,19
LF:28
LH:22
BRDA:48,0,0,0
BRDA:48,0,1,1
BRDA:54,1,0,1
BRDA:54,1,1,0
BRDA:64,2,0,1
BRDA:64,2,1,0
BRDA:66,3,0,0
BRDA:66,3,1,1
BRDA:89,4,0,0
BRDA:89,4,1,19
BRF:10
BRH:5
end_of_record
TN:
SF:/Users/richard/Futureproof/databases/habit-app/src/components/Alert.js
FN:5,(anonymous_0)
FN:10,(anonymous_1)
FNF:2
FNH:2
FNDA:9,(anonymous_0)
FNDA:20,(anonymous_1)
DA:6,9
DA:7,9
DA:11,20
DA:12,2
DA:18,18
LF:5
LH:5
BRDA:11,0,0,2
BRDA:11,0,1,18
BRF:2
BRH:2
end_of_record
TN:
SF:/Users/richard/Futureproof/databases/habit-app/src/components/EditModal.js
FN:11,(anonymous_0)
FN:22,(anonymous_1)
FN:27,(anonymous_2)
FN:32,(anonymous_3)
FN:37,(anonymous_4)
FN:42,(anonymous_5)
FN:57,(anonymous_6)
FN:71,(anonymous_7)
FN:72,(anonymous_8)
FN:85,(anonymous_9)
FNF:10
FNH:0
FNDA:0,(anonymous_0)
FNDA:0,(anonymous_1)
FNDA:0,(anonymous_2)
FNDA:0,(anonymous_3)
FNDA:0,(anonymous_4)
FNDA:0,(anonymous_5)
FNDA:0,(anonymous_6)
FNDA:0,(anonymous_7)
FNDA:0,(anonymous_8)
FNDA:0,(anonymous_9)
DA:12,0
DA:13,0
DA:22,0
DA:23,0
DA:24,0
DA:27,0
DA:28,0
DA:29,0
DA:32,0
DA:33,0
DA:34,0
DA:37,0
DA:38,0
DA:39,0
DA:42,0
DA:43,0
DA:44,0
DA:45,0
DA:46,0
DA:47,0
DA:52,0
DA:53,0
DA:57,0
DA:58,0
DA:59,0
DA:61,0
DA:62,0
DA:71,0
DA:73,0
DA:74,0
DA:75,0
DA:76,0
DA:78,0
DA:79,0
DA:86,0
LF:35
LH:0
BRDA:45,0,0,0
BRDA:45,0,1,0
BRDA:73,1,0,0
BRDA:73,1,1,0
BRDA:78,2,0,0
BRDA:78,2,1,0
BRF:6
BRH:0
end_of_record
TN:
SF:/Users/richard/Futureproof/databases/habit-app/src/components/Habit.js
FN:15,(anonymous_0)
FN:27,(anonymous_1)
FN:41,(anonymous_2)
FN:66,(anonymous_3)
FN:88,(anonymous_4)
FN:95,(anonymous_5)
FN:100,(anonymous_6)
FN:170,(anonymous_7)
FN:171,(anonymous_8)
FN:178,(anonymous_9)
FN:186,(anonymous_10)
FNF:11
FNH:0
FNDA:0,(anonymous_0)
FNDA:0,(anonymous_1)
FNDA:0,(anonymous_2)
FNDA:0,(anonymous_3)
FNDA:0,(anonymous_4)
FNDA:0,(anonymous_5)
FNDA:0,(anonymous_6)
FNDA:0,(anonymous_7)
FNDA:0,(anonymous_8)
FNDA:0,(anonymous_9)
FNDA:0,(anonymous_10)
DA:16,0
DA:17,0
DA:27,0
DA:28,0
DA:29,0
DA:30,0
DA:36,0
DA:37,0
DA:38,0
DA:41,0
DA:43,0
DA:44,0
DA:46,0
DA:49,0
DA:50,0
DA:51,0
DA:53,0
DA:54,0
DA:60,0
DA:66,0
DA:68,0
DA:70,0
DA:72,0
DA:74,0
DA:76,0
DA:78,0
DA:80,0
DA:82,0
DA:84,0
DA:85,0
DA:90,0
DA:95,0
DA:96,0
DA:97,0
DA:100,0
DA:101,0
DA:102,0
DA:103,0
DA:104,0
DA:107,0
DA:110,0
DA:111,0
DA:112,0
DA:113,0
DA:114,0
DA:119,0
DA:120,0
DA:122,0
DA:123,0
DA:126,0
DA:129,0
DA:130,0
DA:131,0
DA:132,0
DA:135,0
DA:136,0
DA:139,0
DA:140,0
DA:141,0
DA:143,0
DA:144,0
DA:147,0
DA:148,0
DA:151,0
DA:152,0
DA:155,0
DA:156,0
DA:157,0
DA:160,0
DA:170,0
DA:171,0
DA:178,0
DA:186,0
LF:73
LH:0
BRDA:46,0,0,0
BRDA:46,0,1,0
BRDA:46,1,0,0
BRDA:46,1,1,0
BRDA:46,1,2,0
BRDA:49,2,0,0
BRDA:49,2,1,0
BRDA:49,3,0,0
BRDA:49,3,1,0
BRDA:49,3,2,0
BRDA:103,4,0,0
BRDA:103,4,1,0
BRDA:119,5,0,0
BRDA:119,5,1,0
BRDA:122,6,0,0
BRDA:122,6,1,0
BRDA:129,7,0,0
BRDA:129,7,1,0
BRDA:139,8,0,0
BRDA:139,8,1,0
BRDA:147,9,0,0
BRDA:147,9,1,0
BRDA:155,10,0,0
BRDA:155,10,1,0
BRF:24
BRH:0
end_of_record
TN:
SF:/Users/richard/Futureproof/databases/habit-app/src/components/HabitModal.js
FN:11,(anonymous_0)
FN:19,(anonymous_1)
FN:24,(anonymous_2)
FN:29,(anonymous_3)
FN:34,(anonymous_4)
FN:39,(anonymous_5)
FN:61,(anonymous_6)
FN:62,(anonymous_7)
FN:72,(anonymous_8)
FNF:9
FNH:0
FNDA:0,(anonymous_0)
FNDA:0,(anonymous_1)
FNDA:0,(anonymous_2)
FNDA:0,(anonymous_3)
FNDA:0,(anonymous_4)
FNDA:0,(anonymous_5)
FNDA:0,(anonymous_6)
FNDA:0,(anonymous_7)
FNDA:0,(anonymous_8)
DA:12,0
DA:13,0
DA:19,0
DA:20,0
DA:21,0
DA:24,0
DA:25,0
DA:26,0
DA:29,0
DA:30,0
DA:31,0
DA:34,0
DA:35,0
DA:36,0
DA:39,0
DA:40,0
DA:42,0
DA:43,0
DA:45,0
DA:46,0
DA:61,0
DA:63,0
DA:64,0
DA:65,0
DA:66,0
DA:67,0
DA:73,0
DA:74,0
DA:76,0
LF:29
LH:0
BRDA:63,0,0,0
BRDA:63,0,1,0
BRDA:66,1,0,0
BRDA:66,1,1,0
BRF:4
BRH:0
end_of_record
TN:
SF:/Users/richard/Futureproof/databases/habit-app/src/components/LogIn.js
FN:8,(anonymous_0)
FN:20,(anonymous_1)
FN:24,(anonymous_2)
FN:29,(anonymous_3)
FN:37,(anonymous_4)
FN:38,(anonymous_5)
FN:58,(anonymous_6)
FN:62,(anonymous_7)
FN:70,(anonymous_8)
FN:71,(anonymous_9)
FN:86,(anonymous_10)
FNF:11
FNH:4
FNDA:4,(anonymous_0)
FNDA:1,(anonymous_1)
FNDA:1,(anonymous_2)
FNDA:0,(anonymous_3)
FNDA:0,(anonymous_4)
FNDA:0,(anonymous_5)
FNDA:0,(anonymous_6)
FNDA:0,(anonymous_7)
FNDA:0,(anonymous_8)
FNDA:0,(anonymous_9)
FNDA:6,(anonymous_10)
DA:9,4
DA:10,4
DA:20,4
DA:21,1
DA:22,1
DA:24,4
DA:25,1
DA:26,1
DA:29,4
DA:30,0
DA:31,0
DA:32,0
DA:37,0
DA:40,0
DA:41,0
DA:45,0
DA:46,0
DA:47,0
DA:51,0
DA:52,0
DA:53,0
DA:58,4
DA:59,0
DA:62,4
DA:63,0
DA:64,0
DA:65,0
DA:70,0
DA:72,0
DA:73,0
DA:74,0
DA:76,0
DA:80,0
DA:87,6
LF:34
LH:12
BRDA:40,0,0,0
BRDA:40,0,1,0
BRDA:46,1,0,0
BRDA:46,1,1,0
BRDA:52,2,0,0
BRDA:52,2,1,0
BRDA:72,3,0,0
BRDA:72,3,1,0
BRF:8
BRH:0
end_of_record
TN:
SF:/Users/richard/Futureproof/databases/habit-app/src/components/UpdateModal.js
FN:10,(anonymous_0)
FN:20,(anonymous_1)
FN:26,(anonymous_2)
FN:51,(anonymous_3)
FN:77,(anonymous_4)
FNF:5
FNH:0
FNDA:0,(anonymous_0)
FNDA:0,(anonymous_1)
FNDA:0,(anonymous_2)
FNDA:0,(anonymous_3)
FNDA:0,(anonymous_4)
DA:11,0
DA:12,0
DA:20,0
DA:21,0
DA:22,0
DA:23,0
DA:26,0
DA:27,0
DA:29,0
DA:30,0
DA:32,0
DA:33,0
DA:45,0
DA:46,0
DA:47,0
DA:48,0
DA:51,0
DA:53,0
DA:54,0
DA:56,0
DA:59,0
DA:60,0
DA:61,0
DA:63,0
DA:64,0
DA:70,0
DA:78,0
LF:27
LH:0
BRDA:30,0,0,0
BRDA:30,0,1,0
BRDA:56,1,0,0
BRDA:56,1,1,0
BRDA:56,2,0,0
BRDA:56,2,1,0
BRDA:56,2,2,0
BRDA:59,3,0,0
BRDA:59,3,1,0
BRF:9
BRH:0
end_of_record
TN:
SF:/Users/richard/Futureproof/databases/habit-app/src/containers/Dashboard.js
FN:14,(anonymous_0)
FN:24,(anonymous_1)
FN:28,(anonymous_2)
FN:33,(anonymous_3)
FN:46,(anonymous_4)
FN:53,(anonymous_5)
FN:60,(anonymous_6)
FN:64,(anonymous_7)
FN:70,(anonymous_8)
FN:86,(anonymous_9)
FN:93,(anonymous_10)
FN:100,(anonymous_11)
FN:109,(anonymous_12)
FNF:13
FNH:0
FNDA:0,(anonymous_0)
FNDA:0,(anonymous_1)
FNDA:0,(anonymous_2)
FNDA:0,(anonymous_3)
FNDA:0,(anonymous_4)
FNDA:0,(anonymous_5)
FNDA:0,(anonymous_6)
FNDA:0,(anonymous_7)
FNDA:0,(anonymous_8)
FNDA:0,(anonymous_9)
FNDA:0,(anonymous_10)
FNDA:0,(anonymous_11)
FNDA:0,(anonymous_12)
DA:15,0
DA:16,0
DA:24,0
DA:25,0
DA:28,0
DA:29,0
DA:30,0
DA:33,0
DA:34,0
DA:36,0
DA:37,0
DA:40,0
DA:46,0
DA:47,0
DA:48,0
DA:49,0
DA:50,0
DA:53,0
DA:54,0
DA:55,0
DA:56,0
DA:57,0
DA:60,0
DA:61,0
DA:65,0
DA:66,0
DA:71,0
DA:86,0
DA:93,0
DA:100,0
DA:109,0
LF:31
LH:0
BRDA:36,0,0,0
BRDA:36,0,1,0
BRDA:65,1,0,0
BRDA:65,1,1,0
BRDA:71,2,0,0
BRDA:71,2,1,0
BRDA:107,3,0,0
BRDA:107,3,1,0
BRF:8
BRH:0
end_of_record
